The system is: Linux - 5.3.18-24.78-default - x86_64
Compiling the C compiler identification source file "CMakeCCompilerId.c" succeeded.
Compiler: /usr/bin/cc 
Build flags: 
Id flags:  

The output was:
0


Compilation of the C compiler identification source "CMakeCCompilerId.c" produced "a.out"

The C compiler identification is GNU, found in "/data90t/geosci/spetrov/DYNAMICS_TEST_NEW/ARCTIC_GRIDGEN/GRIDGEN/build/CMakeFiles/3.17.0/CompilerIdC/a.out"

Compiling the CXX compiler identification source file "CMakeCXXCompilerId.cpp" succeeded.
Compiler: /usr/bin/c++ 
Build flags: 
Id flags:  

The output was:
0


Compilation of the CXX compiler identification source "CMakeCXXCompilerId.cpp" produced "a.out"

The CXX compiler identification is GNU, found in "/data90t/geosci/spetrov/DYNAMICS_TEST_NEW/ARCTIC_GRIDGEN/GRIDGEN/build/CMakeFiles/3.17.0/CompilerIdCXX/a.out"

Determining if the C compiler works passed with the following output:
Change Dir: /data90t/geosci/spetrov/DYNAMICS_TEST_NEW/ARCTIC_GRIDGEN/GRIDGEN/build/CMakeFiles/CMakeTmp

Run Build Command(s):/usr/bin/gmake cmTC_1a0d8/fast && /usr/bin/gmake -f CMakeFiles/cmTC_1a0d8.dir/build.make CMakeFiles/cmTC_1a0d8.dir/build
gmake[1]: Entering directory '/data90t/geosci/spetrov/DYNAMICS_TEST_NEW/ARCTIC_GRIDGEN/GRIDGEN/build/CMakeFiles/CMakeTmp'
Building C object CMakeFiles/cmTC_1a0d8.dir/testCCompiler.c.o
/usr/bin/cc    -o CMakeFiles/cmTC_1a0d8.dir/testCCompiler.c.o   -c /data90t/geosci/spetrov/DYNAMICS_TEST_NEW/ARCTIC_GRIDGEN/GRIDGEN/build/CMakeFiles/CMakeTmp/testCCompiler.c
Linking C executable cmTC_1a0d8
/usr/bin/cmake -E cmake_link_script CMakeFiles/cmTC_1a0d8.dir/link.txt --verbose=1
/usr/bin/cc      CMakeFiles/cmTC_1a0d8.dir/testCCompiler.c.o  -o cmTC_1a0d8 
gmake[1]: Leaving directory '/data90t/geosci/spetrov/DYNAMICS_TEST_NEW/ARCTIC_GRIDGEN/GRIDGEN/build/CMakeFiles/CMakeTmp'



Detecting C compiler ABI info compiled with the following output:
Change Dir: /data90t/geosci/spetrov/DYNAMICS_TEST_NEW/ARCTIC_GRIDGEN/GRIDGEN/build/CMakeFiles/CMakeTmp

Run Build Command(s):/usr/bin/gmake cmTC_0e5a5/fast && /usr/bin/gmake -f CMakeFiles/cmTC_0e5a5.dir/build.make CMakeFiles/cmTC_0e5a5.dir/build
gmake[1]: Entering directory '/data90t/geosci/spetrov/DYNAMICS_TEST_NEW/ARCTIC_GRIDGEN/GRIDGEN/build/CMakeFiles/CMakeTmp'
Building C object CMakeFiles/cmTC_0e5a5.dir/CMakeCCompilerABI.c.o
/usr/bin/cc   -v -o CMakeFiles/cmTC_0e5a5.dir/CMakeCCompilerABI.c.o   -c /usr/share/cmake/Modules/CMakeCCompilerABI.c
Using built-in specs.
COLLECT_GCC=/usr/bin/cc
OFFLOAD_TARGET_NAMES=hsa:nvptx-none
Target: x86_64-suse-linux
Configured with: ../configure --prefix=/usr --infodir=/usr/share/info --mandir=/usr/share/man --libdir=/usr/lib64 --libexecdir=/usr/lib64 --enable-languages=c,c++,objc,fortran,obj-c++,ada,go --enable-offload-targets=hsa,nvptx-none, --without-cuda-driver --enable-checking=release --disable-werror --with-gxx-include-dir=/usr/include/c++/7 --enable-ssp --disable-libssp --disable-libvtv --disable-libcc1 --disable-plugin --with-bugurl=https://bugs.opensuse.org/ --with-pkgversion='SUSE Linux' --with-slibdir=/lib64 --with-system-zlib --enable-libstdcxx-allocator=new --disable-libstdcxx-pch --enable-version-specific-runtime-libs --with-gcc-major-version-only --enable-linker-build-id --enable-linux-futex --enable-gnu-indirect-function --program-suffix=-7 --without-system-libunwind --enable-multilib --with-arch-32=x86-64 --with-tune=generic --build=x86_64-suse-linux --host=x86_64-suse-linux
Thread model: posix
gcc version 7.5.0 (SUSE Linux) 
COLLECT_GCC_OPTIONS='-v' '-o' 'CMakeFiles/cmTC_0e5a5.dir/CMakeCCompilerABI.c.o' '-c' '-mtune=generic' '-march=x86-64'
 /usr/lib64/gcc/x86_64-suse-linux/7/cc1 -quiet -v /usr/share/cmake/Modules/CMakeCCompilerABI.c -quiet -dumpbase CMakeCCompilerABI.c -mtune=generic -march=x86-64 -auxbase-strip CMakeFiles/cmTC_0e5a5.dir/CMakeCCompilerABI.c.o -version -o /tmp/ccCmcq7g.s
GNU C11 (SUSE Linux) version 7.5.0 (x86_64-suse-linux)
	compiled by GNU C version 7.5.0, GMP version 6.1.2, MPFR version 4.0.1, MPC version 1.1.0, isl version isl-0.18-GMP

warning: MPFR header version 4.0.1 differs from library version 4.0.2-p6.
GGC heuristics: --param ggc-min-expand=100 --param ggc-min-heapsize=131072
#include "..." search starts here:
#include <...> search starts here:
 /opt/intel/compilers_and_libraries_2020.4.304/linux/ipp/include
 /opt/intel/compilers_and_libraries_2020.4.304/linux/mkl/include
 /opt/intel/compilers_and_libraries_2020.4.304/linux/pstl/include
 /opt/intel/compilers_and_libraries_2020.4.304/linux/pstl/stdlib
 /opt/intel/compilers_and_libraries_2020.4.304/linux/tbb/include
 /opt/intel/compilers_and_libraries_2020.4.304/linux/daal/include
 /opt/intel/composer_xe_2015.2.164/ipp/include
 /opt/intel/composer_xe_2015.2.164/mkl/include
 /opt/intel/composer_xe_2015.2.164/tbb/include
 /opt/ohpc/pub/libs/intel/impi/hdf5-i15/1.10.6/include
 /opt/ohpc/pub/libs/intel/impi/netcdf-i15/4.7.3/include
 /data4t/perezhogin/NEMO/curl-7.46.0/installed/include
 /usr/lib64/gcc/x86_64-suse-linux/7/include
 /usr/local/include
 /usr/lib64/gcc/x86_64-suse-linux/7/include-fixed
 /usr/lib64/gcc/x86_64-suse-linux/7/../../../../x86_64-suse-linux/include
 /usr/include
End of search list.
GNU C11 (SUSE Linux) version 7.5.0 (x86_64-suse-linux)
	compiled by GNU C version 7.5.0, GMP version 6.1.2, MPFR version 4.0.1, MPC version 1.1.0, isl version isl-0.18-GMP

warning: MPFR header version 4.0.1 differs from library version 4.0.2-p6.
GGC heuristics: --param ggc-min-expand=100 --param ggc-min-heapsize=131072
Compiler executable checksum: 1e77d6394f7b17d7dc3b0038baa6a8f9
COLLECT_GCC_OPTIONS='-v' '-o' 'CMakeFiles/cmTC_0e5a5.dir/CMakeCCompilerABI.c.o' '-c' '-mtune=generic' '-march=x86-64'
 /usr/lib64/gcc/x86_64-suse-linux/7/../../../../x86_64-suse-linux/bin/as -v --64 -o CMakeFiles/cmTC_0e5a5.dir/CMakeCCompilerABI.c.o /tmp/ccCmcq7g.s
GNU assembler version 2.35.1 (x86_64-suse-linux) using BFD version (GNU Binutils; SUSE Linux Enterprise 15) 2.35.1.20201123-7.18
COMPILER_PATH=/usr/lib64/gcc/x86_64-suse-linux/7/:/usr/lib64/gcc/x86_64-suse-linux/7/:/usr/lib64/gcc/x86_64-suse-linux/:/usr/lib64/gcc/x86_64-suse-linux/7/:/usr/lib64/gcc/x86_64-suse-linux/:/usr/lib64/gcc/x86_64-suse-linux/7/../../../../x86_64-suse-linux/bin/
LIBRARY_PATH=/usr/lib64/gcc/x86_64-suse-linux/7/:/usr/lib64/gcc/x86_64-suse-linux/7/../../../../lib64/:/lib/../lib64/:/usr/lib/../lib64/:/opt/intel/compilers_and_libraries_2020.4.304/linux/mpi/intel64/libfabric/lib/:/opt/intel/compilers_and_libraries_2020.4.304/linux/ipp/lib/intel64/:/opt/intel/compilers_and_libraries_2020.4.304/linux/compiler/lib/intel64_lin/:/opt/intel/compilers_and_libraries_2020.4.304/linux/mkl/lib/intel64_lin/:/opt/intel/compilers_and_libraries_2020.4.304/linux/tbb/lib/intel64/gcc4.8/:/opt/intel/compilers_and_libraries_2020.4.304/linux/daal/lib/intel64_lin/:/opt/intel/compilers_and_libraries_2020.4.304/linux/daal/../tbb/lib/intel64_lin/gcc4.8/:/opt/intel/composer_xe_2015.2.164/compiler/lib/intel64/:/opt/intel/composer_xe_2015.2.164/ipp/../compiler/lib/intel64/:/opt/intel/composer_xe_2015.2.164/ipp/lib/intel64/:/opt/intel/composer_xe_2015.2.164/mkl/lib/intel64/:/opt/intel/composer_xe_2015.2.164/tbb/lib/intel64/gcc4.1/:/opt/ohpc/pub/libs/intel/impi/netcdf-i15/4.7.3/lib/:/opt/ohpc/pub/libs/intel/impi/hdf5/1.10.6/lib/:/data4t/perezhogin/NEMO/curl-7.46.0/installed/lib/:/usr/lib64/gcc/x86_64-suse-linux/7/../../../../x86_64-suse-linux/lib/:/usr/lib64/gcc/x86_64-suse-linux/7/../../../:/lib/:/usr/lib/
COLLECT_GCC_OPTIONS='-v' '-o' 'CMakeFiles/cmTC_0e5a5.dir/CMakeCCompilerABI.c.o' '-c' '-mtune=generic' '-march=x86-64'
Linking C executable cmTC_0e5a5
/usr/bin/cmake -E cmake_link_script CMakeFiles/cmTC_0e5a5.dir/link.txt --verbose=1
/usr/bin/cc     -v CMakeFiles/cmTC_0e5a5.dir/CMakeCCompilerABI.c.o  -o cmTC_0e5a5 
Using built-in specs.
COLLECT_GCC=/usr/bin/cc
COLLECT_LTO_WRAPPER=/usr/lib64/gcc/x86_64-suse-linux/7/lto-wrapper
OFFLOAD_TARGET_NAMES=hsa:nvptx-none
Target: x86_64-suse-linux
Configured with: ../configure --prefix=/usr --infodir=/usr/share/info --mandir=/usr/share/man --libdir=/usr/lib64 --libexecdir=/usr/lib64 --enable-languages=c,c++,objc,fortran,obj-c++,ada,go --enable-offload-targets=hsa,nvptx-none, --without-cuda-driver --enable-checking=release --disable-werror --with-gxx-include-dir=/usr/include/c++/7 --enable-ssp --disable-libssp --disable-libvtv --disable-libcc1 --disable-plugin --with-bugurl=https://bugs.opensuse.org/ --with-pkgversion='SUSE Linux' --with-slibdir=/lib64 --with-system-zlib --enable-libstdcxx-allocator=new --disable-libstdcxx-pch --enable-version-specific-runtime-libs --with-gcc-major-version-only --enable-linker-build-id --enable-linux-futex --enable-gnu-indirect-function --program-suffix=-7 --without-system-libunwind --enable-multilib --with-arch-32=x86-64 --with-tune=generic --build=x86_64-suse-linux --host=x86_64-suse-linux
Thread model: posix
gcc version 7.5.0 (SUSE Linux) 
COMPILER_PATH=/usr/lib64/gcc/x86_64-suse-linux/7/:/usr/lib64/gcc/x86_64-suse-linux/7/:/usr/lib64/gcc/x86_64-suse-linux/:/usr/lib64/gcc/x86_64-suse-linux/7/:/usr/lib64/gcc/x86_64-suse-linux/:/usr/lib64/gcc/x86_64-suse-linux/7/../../../../x86_64-suse-linux/bin/
LIBRARY_PATH=/usr/lib64/gcc/x86_64-suse-linux/7/:/usr/lib64/gcc/x86_64-suse-linux/7/../../../../lib64/:/lib/../lib64/:/usr/lib/../lib64/:/opt/intel/compilers_and_libraries_2020.4.304/linux/mpi/intel64/libfabric/lib/:/opt/intel/compilers_and_libraries_2020.4.304/linux/ipp/lib/intel64/:/opt/intel/compilers_and_libraries_2020.4.304/linux/compiler/lib/intel64_lin/:/opt/intel/compilers_and_libraries_2020.4.304/linux/mkl/lib/intel64_lin/:/opt/intel/compilers_and_libraries_2020.4.304/linux/tbb/lib/intel64/gcc4.8/:/opt/intel/compilers_and_libraries_2020.4.304/linux/daal/lib/intel64_lin/:/opt/intel/compilers_and_libraries_2020.4.304/linux/daal/../tbb/lib/intel64_lin/gcc4.8/:/opt/intel/composer_xe_2015.2.164/compiler/lib/intel64/:/opt/intel/composer_xe_2015.2.164/ipp/../compiler/lib/intel64/:/opt/intel/composer_xe_2015.2.164/ipp/lib/intel64/:/opt/intel/composer_xe_2015.2.164/mkl/lib/intel64/:/opt/intel/composer_xe_2015.2.164/tbb/lib/intel64/gcc4.1/:/opt/ohpc/pub/libs/intel/impi/netcdf-i15/4.7.3/lib/:/opt/ohpc/pub/libs/intel/impi/hdf5/1.10.6/lib/:/data4t/perezhogin/NEMO/curl-7.46.0/installed/lib/:/usr/lib64/gcc/x86_64-suse-linux/7/../../../../x86_64-suse-linux/lib/:/usr/lib64/gcc/x86_64-suse-linux/7/../../../:/lib/:/usr/lib/
COLLECT_GCC_OPTIONS='-v' '-o' 'cmTC_0e5a5' '-mtune=generic' '-march=x86-64'
 /usr/lib64/gcc/x86_64-suse-linux/7/collect2 -plugin /usr/lib64/gcc/x86_64-suse-linux/7/liblto_plugin.so -plugin-opt=/usr/lib64/gcc/x86_64-suse-linux/7/lto-wrapper -plugin-opt=-fresolution=/tmp/cckGaZJi.res -plugin-opt=-pass-through=-lgcc -plugin-opt=-pass-through=-lgcc_s -plugin-opt=-pass-through=-lc -plugin-opt=-pass-through=-lgcc -plugin-opt=-pass-through=-lgcc_s --build-id --eh-frame-hdr -m elf_x86_64 -dynamic-linker /lib64/ld-linux-x86-64.so.2 -o cmTC_0e5a5 /usr/lib64/gcc/x86_64-suse-linux/7/../../../../lib64/crt1.o /usr/lib64/gcc/x86_64-suse-linux/7/../../../../lib64/crti.o /usr/lib64/gcc/x86_64-suse-linux/7/crtbegin.o -L/usr/lib64/gcc/x86_64-suse-linux/7 -L/usr/lib64/gcc/x86_64-suse-linux/7/../../../../lib64 -L/lib/../lib64 -L/usr/lib/../lib64 -L/opt/intel/compilers_and_libraries_2020.4.304/linux/mpi/intel64/libfabric/lib -L/opt/intel/compilers_and_libraries_2020.4.304/linux/ipp/lib/intel64 -L/opt/intel/compilers_and_libraries_2020.4.304/linux/compiler/lib/intel64_lin -L/opt/intel/compilers_and_libraries_2020.4.304/linux/mkl/lib/intel64_lin -L/opt/intel/compilers_and_libraries_2020.4.304/linux/tbb/lib/intel64/gcc4.8 -L/opt/intel/compilers_and_libraries_2020.4.304/linux/daal/lib/intel64_lin -L/opt/intel/compilers_and_libraries_2020.4.304/linux/daal/../tbb/lib/intel64_lin/gcc4.8 -L/opt/intel/composer_xe_2015.2.164/compiler/lib/intel64 -L/opt/intel/composer_xe_2015.2.164/ipp/../compiler/lib/intel64 -L/opt/intel/composer_xe_2015.2.164/ipp/lib/intel64 -L/opt/intel/composer_xe_2015.2.164/mkl/lib/intel64 -L/opt/intel/composer_xe_2015.2.164/tbb/lib/intel64/gcc4.1 -L/opt/ohpc/pub/libs/intel/impi/netcdf-i15/4.7.3/lib -L/opt/ohpc/pub/libs/intel/impi/hdf5/1.10.6/lib -L/data4t/perezhogin/NEMO/curl-7.46.0/installed/lib -L/usr/lib64/gcc/x86_64-suse-linux/7/../../../../x86_64-suse-linux/lib -L/usr/lib64/gcc/x86_64-suse-linux/7/../../.. CMakeFiles/cmTC_0e5a5.dir/CMakeCCompilerABI.c.o -lgcc --as-needed -lgcc_s --no-as-needed -lc -lgcc --as-needed -lgcc_s --no-as-needed /usr/lib64/gcc/x86_64-suse-linux/7/crtend.o /usr/lib64/gcc/x86_64-suse-linux/7/../../../../lib64/crtn.o
COLLECT_GCC_OPTIONS='-v' '-o' 'cmTC_0e5a5' '-mtune=generic' '-march=x86-64'
gmake[1]: Leaving directory '/data90t/geosci/spetrov/DYNAMICS_TEST_NEW/ARCTIC_GRIDGEN/GRIDGEN/build/CMakeFiles/CMakeTmp'



Parsed C implicit include dir info from above output: rv=done
  found start of include info
  found start of implicit include info
    add: [/opt/intel/compilers_and_libraries_2020.4.304/linux/ipp/include]
    add: [/opt/intel/compilers_and_libraries_2020.4.304/linux/mkl/include]
    add: [/opt/intel/compilers_and_libraries_2020.4.304/linux/pstl/include]
    add: [/opt/intel/compilers_and_libraries_2020.4.304/linux/pstl/stdlib]
    add: [/opt/intel/compilers_and_libraries_2020.4.304/linux/tbb/include]
    add: [/opt/intel/compilers_and_libraries_2020.4.304/linux/daal/include]
    add: [/opt/intel/composer_xe_2015.2.164/ipp/include]
    add: [/opt/intel/composer_xe_2015.2.164/mkl/include]
    add: [/opt/intel/composer_xe_2015.2.164/tbb/include]
    add: [/opt/ohpc/pub/libs/intel/impi/hdf5-i15/1.10.6/include]
    add: [/opt/ohpc/pub/libs/intel/impi/netcdf-i15/4.7.3/include]
    add: [/data4t/perezhogin/NEMO/curl-7.46.0/installed/include]
    add: [/usr/lib64/gcc/x86_64-suse-linux/7/include]
    add: [/usr/local/include]
    add: [/usr/lib64/gcc/x86_64-suse-linux/7/include-fixed]
    add: [/usr/lib64/gcc/x86_64-suse-linux/7/../../../../x86_64-suse-linux/include]
    add: [/usr/include]
  end of search list found
  collapse include dir [/opt/intel/compilers_and_libraries_2020.4.304/linux/ipp/include] ==> [/opt/intel/compilers_and_libraries_2020.4.304/linux/ipp/include]
  collapse include dir [/opt/intel/compilers_and_libraries_2020.4.304/linux/mkl/include] ==> [/opt/intel/compilers_and_libraries_2020.4.304/linux/mkl/include]
  collapse include dir [/opt/intel/compilers_and_libraries_2020.4.304/linux/pstl/include] ==> [/opt/intel/compilers_and_libraries_2020.4.304/linux/pstl/include]
  collapse include dir [/opt/intel/compilers_and_libraries_2020.4.304/linux/pstl/stdlib] ==> [/opt/intel/compilers_and_libraries_2020.4.304/linux/pstl/stdlib]
  collapse include dir [/opt/intel/compilers_and_libraries_2020.4.304/linux/tbb/include] ==> [/opt/intel/compilers_and_libraries_2020.4.304/linux/tbb/include]
  collapse include dir [/opt/intel/compilers_and_libraries_2020.4.304/linux/daal/include] ==> [/opt/intel/compilers_and_libraries_2020.4.304/linux/daal/include]
  collapse include dir [/opt/intel/composer_xe_2015.2.164/ipp/include] ==> [/opt/intel/composer_xe_2015.2.164/ipp/include]
  collapse include dir [/opt/intel/composer_xe_2015.2.164/mkl/include] ==> [/opt/intel/composer_xe_2015.2.164/mkl/include]
  collapse include dir [/opt/intel/composer_xe_2015.2.164/tbb/include] ==> [/opt/intel/composer_xe_2015.2.164/tbb/include]
  collapse include dir [/opt/ohpc/pub/libs/intel/impi/hdf5-i15/1.10.6/include] ==> [/opt/ohpc/pub/libs/intel/impi/hdf5-i15/1.10.6/include]
  collapse include dir [/opt/ohpc/pub/libs/intel/impi/netcdf-i15/4.7.3/include] ==> [/opt/ohpc/pub/libs/intel/impi/netcdf-i15/4.7.3/include]
  collapse include dir [/data4t/perezhogin/NEMO/curl-7.46.0/installed/include] ==> [/data4t/perezhogin/NEMO/curl-7.46.0/installed/include]
  collapse include dir [/usr/lib64/gcc/x86_64-suse-linux/7/include] ==> [/usr/lib64/gcc/x86_64-suse-linux/7/include]
  collapse include dir [/usr/local/include] ==> [/usr/local/include]
  collapse include dir [/usr/lib64/gcc/x86_64-suse-linux/7/include-fixed] ==> [/usr/lib64/gcc/x86_64-suse-linux/7/include-fixed]
  collapse include dir [/usr/lib64/gcc/x86_64-suse-linux/7/../../../../x86_64-suse-linux/include] ==> [/usr/x86_64-suse-linux/include]
  collapse include dir [/usr/include] ==> [/usr/include]
  implicit include dirs: [/opt/intel/compilers_and_libraries_2020.4.304/linux/ipp/include;/opt/intel/compilers_and_libraries_2020.4.304/linux/mkl/include;/opt/intel/compilers_and_libraries_2020.4.304/linux/pstl/include;/opt/intel/compilers_and_libraries_2020.4.304/linux/pstl/stdlib;/opt/intel/compilers_and_libraries_2020.4.304/linux/tbb/include;/opt/intel/compilers_and_libraries_2020.4.304/linux/daal/include;/opt/intel/composer_xe_2015.2.164/ipp/include;/opt/intel/composer_xe_2015.2.164/mkl/include;/opt/intel/composer_xe_2015.2.164/tbb/include;/opt/ohpc/pub/libs/intel/impi/hdf5-i15/1.10.6/include;/opt/ohpc/pub/libs/intel/impi/netcdf-i15/4.7.3/include;/data4t/perezhogin/NEMO/curl-7.46.0/installed/include;/usr/lib64/gcc/x86_64-suse-linux/7/include;/usr/local/include;/usr/lib64/gcc/x86_64-suse-linux/7/include-fixed;/usr/x86_64-suse-linux/include;/usr/include]


Parsed C implicit link information from above output:
  link line regex: [^( *|.*[/\])(ld|CMAKE_LINK_STARTFILE-NOTFOUND|([^/\]+-)?ld|collect2)[^/\]*( |$)]
  ignore line: [Change Dir: /data90t/geosci/spetrov/DYNAMICS_TEST_NEW/ARCTIC_GRIDGEN/GRIDGEN/build/CMakeFiles/CMakeTmp]
  ignore line: []
  ignore line: [Run Build Command(s):/usr/bin/gmake cmTC_0e5a5/fast && /usr/bin/gmake -f CMakeFiles/cmTC_0e5a5.dir/build.make CMakeFiles/cmTC_0e5a5.dir/build]
  ignore line: [gmake[1]: Entering directory '/data90t/geosci/spetrov/DYNAMICS_TEST_NEW/ARCTIC_GRIDGEN/GRIDGEN/build/CMakeFiles/CMakeTmp']
  ignore line: [Building C object CMakeFiles/cmTC_0e5a5.dir/CMakeCCompilerABI.c.o]
  ignore line: [/usr/bin/cc   -v -o CMakeFiles/cmTC_0e5a5.dir/CMakeCCompilerABI.c.o   -c /usr/share/cmake/Modules/CMakeCCompilerABI.c]
  ignore line: [Using built-in specs.]
  ignore line: [COLLECT_GCC=/usr/bin/cc]
  ignore line: [OFFLOAD_TARGET_NAMES=hsa:nvptx-none]
  ignore line: [Target: x86_64-suse-linux]
  ignore line: [Configured with: ../configure --prefix=/usr --infodir=/usr/share/info --mandir=/usr/share/man --libdir=/usr/lib64 --libexecdir=/usr/lib64 --enable-languages=c c++ objc fortran obj-c++ ada go --enable-offload-targets=hsa nvptx-none  --without-cuda-driver --enable-checking=release --disable-werror --with-gxx-include-dir=/usr/include/c++/7 --enable-ssp --disable-libssp --disable-libvtv --disable-libcc1 --disable-plugin --with-bugurl=https://bugs.opensuse.org/ --with-pkgversion='SUSE Linux' --with-slibdir=/lib64 --with-system-zlib --enable-libstdcxx-allocator=new --disable-libstdcxx-pch --enable-version-specific-runtime-libs --with-gcc-major-version-only --enable-linker-build-id --enable-linux-futex --enable-gnu-indirect-function --program-suffix=-7 --without-system-libunwind --enable-multilib --with-arch-32=x86-64 --with-tune=generic --build=x86_64-suse-linux --host=x86_64-suse-linux]
  ignore line: [Thread model: posix]
  ignore line: [gcc version 7.5.0 (SUSE Linux) ]
  ignore line: [COLLECT_GCC_OPTIONS='-v' '-o' 'CMakeFiles/cmTC_0e5a5.dir/CMakeCCompilerABI.c.o' '-c' '-mtune=generic' '-march=x86-64']
  ignore line: [ /usr/lib64/gcc/x86_64-suse-linux/7/cc1 -quiet -v /usr/share/cmake/Modules/CMakeCCompilerABI.c -quiet -dumpbase CMakeCCompilerABI.c -mtune=generic -march=x86-64 -auxbase-strip CMakeFiles/cmTC_0e5a5.dir/CMakeCCompilerABI.c.o -version -o /tmp/ccCmcq7g.s]
  ignore line: [GNU C11 (SUSE Linux) version 7.5.0 (x86_64-suse-linux)]
  ignore line: [	compiled by GNU C version 7.5.0  GMP version 6.1.2  MPFR version 4.0.1  MPC version 1.1.0  isl version isl-0.18-GMP]
  ignore line: []
  ignore line: [warning: MPFR header version 4.0.1 differs from library version 4.0.2-p6.]
  ignore line: [GGC heuristics: --param ggc-min-expand=100 --param ggc-min-heapsize=131072]
  ignore line: [#include "..." search starts here:]
  ignore line: [#include <...> search starts here:]
  ignore line: [ /opt/intel/compilers_and_libraries_2020.4.304/linux/ipp/include]
  ignore line: [ /opt/intel/compilers_and_libraries_2020.4.304/linux/mkl/include]
  ignore line: [ /opt/intel/compilers_and_libraries_2020.4.304/linux/pstl/include]
  ignore line: [ /opt/intel/compilers_and_libraries_2020.4.304/linux/pstl/stdlib]
  ignore line: [ /opt/intel/compilers_and_libraries_2020.4.304/linux/tbb/include]
  ignore line: [ /opt/intel/compilers_and_libraries_2020.4.304/linux/daal/include]
  ignore line: [ /opt/intel/composer_xe_2015.2.164/ipp/include]
  ignore line: [ /opt/intel/composer_xe_2015.2.164/mkl/include]
  ignore line: [ /opt/intel/composer_xe_2015.2.164/tbb/include]
  ignore line: [ /opt/ohpc/pub/libs/intel/impi/hdf5-i15/1.10.6/include]
  ignore line: [ /opt/ohpc/pub/libs/intel/impi/netcdf-i15/4.7.3/include]
  ignore line: [ /data4t/perezhogin/NEMO/curl-7.46.0/installed/include]
  ignore line: [ /usr/lib64/gcc/x86_64-suse-linux/7/include]
  ignore line: [ /usr/local/include]
  ignore line: [ /usr/lib64/gcc/x86_64-suse-linux/7/include-fixed]
  ignore line: [ /usr/lib64/gcc/x86_64-suse-linux/7/../../../../x86_64-suse-linux/include]
  ignore line: [ /usr/include]
  ignore line: [End of search list.]
  ignore line: [GNU C11 (SUSE Linux) version 7.5.0 (x86_64-suse-linux)]
  ignore line: [	compiled by GNU C version 7.5.0  GMP version 6.1.2  MPFR version 4.0.1  MPC version 1.1.0  isl version isl-0.18-GMP]
  ignore line: []
  ignore line: [warning: MPFR header version 4.0.1 differs from library version 4.0.2-p6.]
  ignore line: [GGC heuristics: --param ggc-min-expand=100 --param ggc-min-heapsize=131072]
  ignore line: [Compiler executable checksum: 1e77d6394f7b17d7dc3b0038baa6a8f9]
  ignore line: [COLLECT_GCC_OPTIONS='-v' '-o' 'CMakeFiles/cmTC_0e5a5.dir/CMakeCCompilerABI.c.o' '-c' '-mtune=generic' '-march=x86-64']
  ignore line: [ /usr/lib64/gcc/x86_64-suse-linux/7/../../../../x86_64-suse-linux/bin/as -v --64 -o CMakeFiles/cmTC_0e5a5.dir/CMakeCCompilerABI.c.o /tmp/ccCmcq7g.s]
  ignore line: [GNU assembler version 2.35.1 (x86_64-suse-linux) using BFD version (GNU Binutils]
  ignore line: [ SUSE Linux Enterprise 15) 2.35.1.20201123-7.18]
  ignore line: [COMPILER_PATH=/usr/lib64/gcc/x86_64-suse-linux/7/:/usr/lib64/gcc/x86_64-suse-linux/7/:/usr/lib64/gcc/x86_64-suse-linux/:/usr/lib64/gcc/x86_64-suse-linux/7/:/usr/lib64/gcc/x86_64-suse-linux/:/usr/lib64/gcc/x86_64-suse-linux/7/../../../../x86_64-suse-linux/bin/]
  ignore line: [LIBRARY_PATH=/usr/lib64/gcc/x86_64-suse-linux/7/:/usr/lib64/gcc/x86_64-suse-linux/7/../../../../lib64/:/lib/../lib64/:/usr/lib/../lib64/:/opt/intel/compilers_and_libraries_2020.4.304/linux/mpi/intel64/libfabric/lib/:/opt/intel/compilers_and_libraries_2020.4.304/linux/ipp/lib/intel64/:/opt/intel/compilers_and_libraries_2020.4.304/linux/compiler/lib/intel64_lin/:/opt/intel/compilers_and_libraries_2020.4.304/linux/mkl/lib/intel64_lin/:/opt/intel/compilers_and_libraries_2020.4.304/linux/tbb/lib/intel64/gcc4.8/:/opt/intel/compilers_and_libraries_2020.4.304/linux/daal/lib/intel64_lin/:/opt/intel/compilers_and_libraries_2020.4.304/linux/daal/../tbb/lib/intel64_lin/gcc4.8/:/opt/intel/composer_xe_2015.2.164/compiler/lib/intel64/:/opt/intel/composer_xe_2015.2.164/ipp/../compiler/lib/intel64/:/opt/intel/composer_xe_2015.2.164/ipp/lib/intel64/:/opt/intel/composer_xe_2015.2.164/mkl/lib/intel64/:/opt/intel/composer_xe_2015.2.164/tbb/lib/intel64/gcc4.1/:/opt/ohpc/pub/libs/intel/impi/netcdf-i15/4.7.3/lib/:/opt/ohpc/pub/libs/intel/impi/hdf5/1.10.6/lib/:/data4t/perezhogin/NEMO/curl-7.46.0/installed/lib/:/usr/lib64/gcc/x86_64-suse-linux/7/../../../../x86_64-suse-linux/lib/:/usr/lib64/gcc/x86_64-suse-linux/7/../../../:/lib/:/usr/lib/]
  ignore line: [COLLECT_GCC_OPTIONS='-v' '-o' 'CMakeFiles/cmTC_0e5a5.dir/CMakeCCompilerABI.c.o' '-c' '-mtune=generic' '-march=x86-64']
  ignore line: [Linking C executable cmTC_0e5a5]
  ignore line: [/usr/bin/cmake -E cmake_link_script CMakeFiles/cmTC_0e5a5.dir/link.txt --verbose=1]
  ignore line: [/usr/bin/cc     -v CMakeFiles/cmTC_0e5a5.dir/CMakeCCompilerABI.c.o  -o cmTC_0e5a5 ]
  ignore line: [Using built-in specs.]
  ignore line: [COLLECT_GCC=/usr/bin/cc]
  ignore line: [COLLECT_LTO_WRAPPER=/usr/lib64/gcc/x86_64-suse-linux/7/lto-wrapper]
  ignore line: [OFFLOAD_TARGET_NAMES=hsa:nvptx-none]
  ignore line: [Target: x86_64-suse-linux]
  ignore line: [Configured with: ../configure --prefix=/usr --infodir=/usr/share/info --mandir=/usr/share/man --libdir=/usr/lib64 --libexecdir=/usr/lib64 --enable-languages=c c++ objc fortran obj-c++ ada go --enable-offload-targets=hsa nvptx-none  --without-cuda-driver --enable-checking=release --disable-werror --with-gxx-include-dir=/usr/include/c++/7 --enable-ssp --disable-libssp --disable-libvtv --disable-libcc1 --disable-plugin --with-bugurl=https://bugs.opensuse.org/ --with-pkgversion='SUSE Linux' --with-slibdir=/lib64 --with-system-zlib --enable-libstdcxx-allocator=new --disable-libstdcxx-pch --enable-version-specific-runtime-libs --with-gcc-major-version-only --enable-linker-build-id --enable-linux-futex --enable-gnu-indirect-function --program-suffix=-7 --without-system-libunwind --enable-multilib --with-arch-32=x86-64 --with-tune=generic --build=x86_64-suse-linux --host=x86_64-suse-linux]
  ignore line: [Thread model: posix]
  ignore line: [gcc version 7.5.0 (SUSE Linux) ]
  ignore line: [COMPILER_PATH=/usr/lib64/gcc/x86_64-suse-linux/7/:/usr/lib64/gcc/x86_64-suse-linux/7/:/usr/lib64/gcc/x86_64-suse-linux/:/usr/lib64/gcc/x86_64-suse-linux/7/:/usr/lib64/gcc/x86_64-suse-linux/:/usr/lib64/gcc/x86_64-suse-linux/7/../../../../x86_64-suse-linux/bin/]
  ignore line: [LIBRARY_PATH=/usr/lib64/gcc/x86_64-suse-linux/7/:/usr/lib64/gcc/x86_64-suse-linux/7/../../../../lib64/:/lib/../lib64/:/usr/lib/../lib64/:/opt/intel/compilers_and_libraries_2020.4.304/linux/mpi/intel64/libfabric/lib/:/opt/intel/compilers_and_libraries_2020.4.304/linux/ipp/lib/intel64/:/opt/intel/compilers_and_libraries_2020.4.304/linux/compiler/lib/intel64_lin/:/opt/intel/compilers_and_libraries_2020.4.304/linux/mkl/lib/intel64_lin/:/opt/intel/compilers_and_libraries_2020.4.304/linux/tbb/lib/intel64/gcc4.8/:/opt/intel/compilers_and_libraries_2020.4.304/linux/daal/lib/intel64_lin/:/opt/intel/compilers_and_libraries_2020.4.304/linux/daal/../tbb/lib/intel64_lin/gcc4.8/:/opt/intel/composer_xe_2015.2.164/compiler/lib/intel64/:/opt/intel/composer_xe_2015.2.164/ipp/../compiler/lib/intel64/:/opt/intel/composer_xe_2015.2.164/ipp/lib/intel64/:/opt/intel/composer_xe_2015.2.164/mkl/lib/intel64/:/opt/intel/composer_xe_2015.2.164/tbb/lib/intel64/gcc4.1/:/opt/ohpc/pub/libs/intel/impi/netcdf-i15/4.7.3/lib/:/opt/ohpc/pub/libs/intel/impi/hdf5/1.10.6/lib/:/data4t/perezhogin/NEMO/curl-7.46.0/installed/lib/:/usr/lib64/gcc/x86_64-suse-linux/7/../../../../x86_64-suse-linux/lib/:/usr/lib64/gcc/x86_64-suse-linux/7/../../../:/lib/:/usr/lib/]
  ignore line: [COLLECT_GCC_OPTIONS='-v' '-o' 'cmTC_0e5a5' '-mtune=generic' '-march=x86-64']
  link line: [ /usr/lib64/gcc/x86_64-suse-linux/7/collect2 -plugin /usr/lib64/gcc/x86_64-suse-linux/7/liblto_plugin.so -plugin-opt=/usr/lib64/gcc/x86_64-suse-linux/7/lto-wrapper -plugin-opt=-fresolution=/tmp/cckGaZJi.res -plugin-opt=-pass-through=-lgcc -plugin-opt=-pass-through=-lgcc_s -plugin-opt=-pass-through=-lc -plugin-opt=-pass-through=-lgcc -plugin-opt=-pass-through=-lgcc_s --build-id --eh-frame-hdr -m elf_x86_64 -dynamic-linker /lib64/ld-linux-x86-64.so.2 -o cmTC_0e5a5 /usr/lib64/gcc/x86_64-suse-linux/7/../../../../lib64/crt1.o /usr/lib64/gcc/x86_64-suse-linux/7/../../../../lib64/crti.o /usr/lib64/gcc/x86_64-suse-linux/7/crtbegin.o -L/usr/lib64/gcc/x86_64-suse-linux/7 -L/usr/lib64/gcc/x86_64-suse-linux/7/../../../../lib64 -L/lib/../lib64 -L/usr/lib/../lib64 -L/opt/intel/compilers_and_libraries_2020.4.304/linux/mpi/intel64/libfabric/lib -L/opt/intel/compilers_and_libraries_2020.4.304/linux/ipp/lib/intel64 -L/opt/intel/compilers_and_libraries_2020.4.304/linux/compiler/lib/intel64_lin -L/opt/intel/compilers_and_libraries_2020.4.304/linux/mkl/lib/intel64_lin -L/opt/intel/compilers_and_libraries_2020.4.304/linux/tbb/lib/intel64/gcc4.8 -L/opt/intel/compilers_and_libraries_2020.4.304/linux/daal/lib/intel64_lin -L/opt/intel/compilers_and_libraries_2020.4.304/linux/daal/../tbb/lib/intel64_lin/gcc4.8 -L/opt/intel/composer_xe_2015.2.164/compiler/lib/intel64 -L/opt/intel/composer_xe_2015.2.164/ipp/../compiler/lib/intel64 -L/opt/intel/composer_xe_2015.2.164/ipp/lib/intel64 -L/opt/intel/composer_xe_2015.2.164/mkl/lib/intel64 -L/opt/intel/composer_xe_2015.2.164/tbb/lib/intel64/gcc4.1 -L/opt/ohpc/pub/libs/intel/impi/netcdf-i15/4.7.3/lib -L/opt/ohpc/pub/libs/intel/impi/hdf5/1.10.6/lib -L/data4t/perezhogin/NEMO/curl-7.46.0/installed/lib -L/usr/lib64/gcc/x86_64-suse-linux/7/../../../../x86_64-suse-linux/lib -L/usr/lib64/gcc/x86_64-suse-linux/7/../../.. CMakeFiles/cmTC_0e5a5.dir/CMakeCCompilerABI.c.o -lgcc --as-needed -lgcc_s --no-as-needed -lc -lgcc --as-needed -lgcc_s --no-as-needed /usr/lib64/gcc/x86_64-suse-linux/7/crtend.o /usr/lib64/gcc/x86_64-suse-linux/7/../../../../lib64/crtn.o]
    arg [/usr/lib64/gcc/x86_64-suse-linux/7/collect2] ==> ignore
    arg [-plugin] ==> ignore
    arg [/usr/lib64/gcc/x86_64-suse-linux/7/liblto_plugin.so] ==> ignore
    arg [-plugin-opt=/usr/lib64/gcc/x86_64-suse-linux/7/lto-wrapper] ==> ignore
    arg [-plugin-opt=-fresolution=/tmp/cckGaZJi.res] ==> ignore
    arg [-plugin-opt=-pass-through=-lgcc] ==> ignore
    arg [-plugin-opt=-pass-through=-lgcc_s] ==> ignore
    arg [-plugin-opt=-pass-through=-lc] ==> ignore
    arg [-plugin-opt=-pass-through=-lgcc] ==> ignore
    arg [-plugin-opt=-pass-through=-lgcc_s] ==> ignore
    arg [--build-id] ==> ignore
    arg [--eh-frame-hdr] ==> ignore
    arg [-m] ==> ignore
    arg [elf_x86_64] ==> ignore
    arg [-dynamic-linker] ==> ignore
    arg [/lib64/ld-linux-x86-64.so.2] ==> ignore
    arg [-o] ==> ignore
    arg [cmTC_0e5a5] ==> ignore
    arg [/usr/lib64/gcc/x86_64-suse-linux/7/../../../../lib64/crt1.o] ==> ignore
    arg [/usr/lib64/gcc/x86_64-suse-linux/7/../../../../lib64/crti.o] ==> ignore
    arg [/usr/lib64/gcc/x86_64-suse-linux/7/crtbegin.o] ==> ignore
    arg [-L/usr/lib64/gcc/x86_64-suse-linux/7] ==> dir [/usr/lib64/gcc/x86_64-suse-linux/7]
    arg [-L/usr/lib64/gcc/x86_64-suse-linux/7/../../../../lib64] ==> dir [/usr/lib64/gcc/x86_64-suse-linux/7/../../../../lib64]
    arg [-L/lib/../lib64] ==> dir [/lib/../lib64]
    arg [-L/usr/lib/../lib64] ==> dir [/usr/lib/../lib64]
    arg [-L/opt/intel/compilers_and_libraries_2020.4.304/linux/mpi/intel64/libfabric/lib] ==> dir [/opt/intel/compilers_and_libraries_2020.4.304/linux/mpi/intel64/libfabric/lib]
    arg [-L/opt/intel/compilers_and_libraries_2020.4.304/linux/ipp/lib/intel64] ==> dir [/opt/intel/compilers_and_libraries_2020.4.304/linux/ipp/lib/intel64]
    arg [-L/opt/intel/compilers_and_libraries_2020.4.304/linux/compiler/lib/intel64_lin] ==> dir [/opt/intel/compilers_and_libraries_2020.4.304/linux/compiler/lib/intel64_lin]
    arg [-L/opt/intel/compilers_and_libraries_2020.4.304/linux/mkl/lib/intel64_lin] ==> dir [/opt/intel/compilers_and_libraries_2020.4.304/linux/mkl/lib/intel64_lin]
    arg [-L/opt/intel/compilers_and_libraries_2020.4.304/linux/tbb/lib/intel64/gcc4.8] ==> dir [/opt/intel/compilers_and_libraries_2020.4.304/linux/tbb/lib/intel64/gcc4.8]
    arg [-L/opt/intel/compilers_and_libraries_2020.4.304/linux/daal/lib/intel64_lin] ==> dir [/opt/intel/compilers_and_libraries_2020.4.304/linux/daal/lib/intel64_lin]
    arg [-L/opt/intel/compilers_and_libraries_2020.4.304/linux/daal/../tbb/lib/intel64_lin/gcc4.8] ==> dir [/opt/intel/compilers_and_libraries_2020.4.304/linux/daal/../tbb/lib/intel64_lin/gcc4.8]
    arg [-L/opt/intel/composer_xe_2015.2.164/compiler/lib/intel64] ==> dir [/opt/intel/composer_xe_2015.2.164/compiler/lib/intel64]
    arg [-L/opt/intel/composer_xe_2015.2.164/ipp/../compiler/lib/intel64] ==> dir [/opt/intel/composer_xe_2015.2.164/ipp/../compiler/lib/intel64]
    arg [-L/opt/intel/composer_xe_2015.2.164/ipp/lib/intel64] ==> dir [/opt/intel/composer_xe_2015.2.164/ipp/lib/intel64]
    arg [-L/opt/intel/composer_xe_2015.2.164/mkl/lib/intel64] ==> dir [/opt/intel/composer_xe_2015.2.164/mkl/lib/intel64]
    arg [-L/opt/intel/composer_xe_2015.2.164/tbb/lib/intel64/gcc4.1] ==> dir [/opt/intel/composer_xe_2015.2.164/tbb/lib/intel64/gcc4.1]
    arg [-L/opt/ohpc/pub/libs/intel/impi/netcdf-i15/4.7.3/lib] ==> dir [/opt/ohpc/pub/libs/intel/impi/netcdf-i15/4.7.3/lib]
    arg [-L/opt/ohpc/pub/libs/intel/impi/hdf5/1.10.6/lib] ==> dir [/opt/ohpc/pub/libs/intel/impi/hdf5/1.10.6/lib]
    arg [-L/data4t/perezhogin/NEMO/curl-7.46.0/installed/lib] ==> dir [/data4t/perezhogin/NEMO/curl-7.46.0/installed/lib]
    arg [-L/usr/lib64/gcc/x86_64-suse-linux/7/../../../../x86_64-suse-linux/lib] ==> dir [/usr/lib64/gcc/x86_64-suse-linux/7/../../../../x86_64-suse-linux/lib]
    arg [-L/usr/lib64/gcc/x86_64-suse-linux/7/../../..] ==> dir [/usr/lib64/gcc/x86_64-suse-linux/7/../../..]
    arg [CMakeFiles/cmTC_0e5a5.dir/CMakeCCompilerABI.c.o] ==> ignore
    arg [-lgcc] ==> lib [gcc]
    arg [--as-needed] ==> ignore
    arg [-lgcc_s] ==> lib [gcc_s]
    arg [--no-as-needed] ==> ignore
    arg [-lc] ==> lib [c]
    arg [-lgcc] ==> lib [gcc]
    arg [--as-needed] ==> ignore
    arg [-lgcc_s] ==> lib [gcc_s]
    arg [--no-as-needed] ==> ignore
    arg [/usr/lib64/gcc/x86_64-suse-linux/7/crtend.o] ==> ignore
    arg [/usr/lib64/gcc/x86_64-suse-linux/7/../../../../lib64/crtn.o] ==> ignore
  collapse library dir [/usr/lib64/gcc/x86_64-suse-linux/7] ==> [/usr/lib64/gcc/x86_64-suse-linux/7]
  collapse library dir [/usr/lib64/gcc/x86_64-suse-linux/7/../../../../lib64] ==> [/usr/lib64]
  collapse library dir [/lib/../lib64] ==> [/lib64]
  collapse library dir [/usr/lib/../lib64] ==> [/usr/lib64]
  collapse library dir [/opt/intel/compilers_and_libraries_2020.4.304/linux/mpi/intel64/libfabric/lib] ==> [/opt/intel/compilers_and_libraries_2020.4.304/linux/mpi/intel64/libfabric/lib]
  collapse library dir [/opt/intel/compilers_and_libraries_2020.4.304/linux/ipp/lib/intel64] ==> [/opt/intel/compilers_and_libraries_2020.4.304/linux/ipp/lib/intel64]
  collapse library dir [/opt/intel/compilers_and_libraries_2020.4.304/linux/compiler/lib/intel64_lin] ==> [/opt/intel/compilers_and_libraries_2020.4.304/linux/compiler/lib/intel64_lin]
  collapse library dir [/opt/intel/compilers_and_libraries_2020.4.304/linux/mkl/lib/intel64_lin] ==> [/opt/intel/compilers_and_libraries_2020.4.304/linux/mkl/lib/intel64_lin]
  collapse library dir [/opt/intel/compilers_and_libraries_2020.4.304/linux/tbb/lib/intel64/gcc4.8] ==> [/opt/intel/compilers_and_libraries_2020.4.304/linux/tbb/lib/intel64/gcc4.8]
  collapse library dir [/opt/intel/compilers_and_libraries_2020.4.304/linux/daal/lib/intel64_lin] ==> [/opt/intel/compilers_and_libraries_2020.4.304/linux/daal/lib/intel64_lin]
  collapse library dir [/opt/intel/compilers_and_libraries_2020.4.304/linux/daal/../tbb/lib/intel64_lin/gcc4.8] ==> [/opt/intel/compilers_and_libraries_2020.4.304/linux/tbb/lib/intel64_lin/gcc4.8]
  collapse library dir [/opt/intel/composer_xe_2015.2.164/compiler/lib/intel64] ==> [/opt/intel/composer_xe_2015.2.164/compiler/lib/intel64]
  collapse library dir [/opt/intel/composer_xe_2015.2.164/ipp/../compiler/lib/intel64] ==> [/opt/intel/composer_xe_2015.2.164/compiler/lib/intel64]
  collapse library dir [/opt/intel/composer_xe_2015.2.164/ipp/lib/intel64] ==> [/opt/intel/composer_xe_2015.2.164/ipp/lib/intel64]
  collapse library dir [/opt/intel/composer_xe_2015.2.164/mkl/lib/intel64] ==> [/opt/intel/composer_xe_2015.2.164/mkl/lib/intel64]
  collapse library dir [/opt/intel/composer_xe_2015.2.164/tbb/lib/intel64/gcc4.1] ==> [/opt/intel/composer_xe_2015.2.164/tbb/lib/intel64/gcc4.1]
  collapse library dir [/opt/ohpc/pub/libs/intel/impi/netcdf-i15/4.7.3/lib] ==> [/opt/ohpc/pub/libs/intel/impi/netcdf-i15/4.7.3/lib]
  collapse library dir [/opt/ohpc/pub/libs/intel/impi/hdf5/1.10.6/lib] ==> [/opt/ohpc/pub/libs/intel/impi/hdf5/1.10.6/lib]
  collapse library dir [/data4t/perezhogin/NEMO/curl-7.46.0/installed/lib] ==> [/data4t/perezhogin/NEMO/curl-7.46.0/installed/lib]
  collapse library dir [/usr/lib64/gcc/x86_64-suse-linux/7/../../../../x86_64-suse-linux/lib] ==> [/usr/x86_64-suse-linux/lib]
  collapse library dir [/usr/lib64/gcc/x86_64-suse-linux/7/../../..] ==> [/usr/lib64]
  implicit libs: [gcc;gcc_s;c;gcc;gcc_s]
  implicit dirs: [/usr/lib64/gcc/x86_64-suse-linux/7;/usr/lib64;/lib64;/opt/intel/compilers_and_libraries_2020.4.304/linux/mpi/intel64/libfabric/lib;/opt/intel/compilers_and_libraries_2020.4.304/linux/ipp/lib/intel64;/opt/intel/compilers_and_libraries_2020.4.304/linux/compiler/lib/intel64_lin;/opt/intel/compilers_and_libraries_2020.4.304/linux/mkl/lib/intel64_lin;/opt/intel/compilers_and_libraries_2020.4.304/linux/tbb/lib/intel64/gcc4.8;/opt/intel/compilers_and_libraries_2020.4.304/linux/daal/lib/intel64_lin;/opt/intel/compilers_and_libraries_2020.4.304/linux/tbb/lib/intel64_lin/gcc4.8;/opt/intel/composer_xe_2015.2.164/compiler/lib/intel64;/opt/intel/composer_xe_2015.2.164/ipp/lib/intel64;/opt/intel/composer_xe_2015.2.164/mkl/lib/intel64;/opt/intel/composer_xe_2015.2.164/tbb/lib/intel64/gcc4.1;/opt/ohpc/pub/libs/intel/impi/netcdf-i15/4.7.3/lib;/opt/ohpc/pub/libs/intel/impi/hdf5/1.10.6/lib;/data4t/perezhogin/NEMO/curl-7.46.0/installed/lib;/usr/x86_64-suse-linux/lib]
  implicit fwks: []


Determining if the CXX compiler works passed with the following output:
Change Dir: /data90t/geosci/spetrov/DYNAMICS_TEST_NEW/ARCTIC_GRIDGEN/GRIDGEN/build/CMakeFiles/CMakeTmp

Run Build Command(s):/usr/bin/gmake cmTC_cc2b7/fast && /usr/bin/gmake -f CMakeFiles/cmTC_cc2b7.dir/build.make CMakeFiles/cmTC_cc2b7.dir/build
gmake[1]: Entering directory '/data90t/geosci/spetrov/DYNAMICS_TEST_NEW/ARCTIC_GRIDGEN/GRIDGEN/build/CMakeFiles/CMakeTmp'
Building CXX object CMakeFiles/cmTC_cc2b7.dir/testCXXCompiler.cxx.o
/usr/bin/c++     -o CMakeFiles/cmTC_cc2b7.dir/testCXXCompiler.cxx.o -c /data90t/geosci/spetrov/DYNAMICS_TEST_NEW/ARCTIC_GRIDGEN/GRIDGEN/build/CMakeFiles/CMakeTmp/testCXXCompiler.cxx
Linking CXX executable cmTC_cc2b7
/usr/bin/cmake -E cmake_link_script CMakeFiles/cmTC_cc2b7.dir/link.txt --verbose=1
/usr/bin/c++       CMakeFiles/cmTC_cc2b7.dir/testCXXCompiler.cxx.o  -o cmTC_cc2b7 
gmake[1]: Leaving directory '/data90t/geosci/spetrov/DYNAMICS_TEST_NEW/ARCTIC_GRIDGEN/GRIDGEN/build/CMakeFiles/CMakeTmp'



Detecting CXX compiler ABI info compiled with the following output:
Change Dir: /data90t/geosci/spetrov/DYNAMICS_TEST_NEW/ARCTIC_GRIDGEN/GRIDGEN/build/CMakeFiles/CMakeTmp

Run Build Command(s):/usr/bin/gmake cmTC_a5b00/fast && /usr/bin/gmake -f CMakeFiles/cmTC_a5b00.dir/build.make CMakeFiles/cmTC_a5b00.dir/build
gmake[1]: Entering directory '/data90t/geosci/spetrov/DYNAMICS_TEST_NEW/ARCTIC_GRIDGEN/GRIDGEN/build/CMakeFiles/CMakeTmp'
Building CXX object CMakeFiles/cmTC_a5b00.dir/CMakeCXXCompilerABI.cpp.o
/usr/bin/c++    -v -o CMakeFiles/cmTC_a5b00.dir/CMakeCXXCompilerABI.cpp.o -c /usr/share/cmake/Modules/CMakeCXXCompilerABI.cpp
Using built-in specs.
COLLECT_GCC=/usr/bin/c++
OFFLOAD_TARGET_NAMES=hsa:nvptx-none
Target: x86_64-suse-linux
Configured with: ../configure --prefix=/usr --infodir=/usr/share/info --mandir=/usr/share/man --libdir=/usr/lib64 --libexecdir=/usr/lib64 --enable-languages=c,c++,objc,fortran,obj-c++,ada,go --enable-offload-targets=hsa,nvptx-none, --without-cuda-driver --enable-checking=release --disable-werror --with-gxx-include-dir=/usr/include/c++/7 --enable-ssp --disable-libssp --disable-libvtv --disable-libcc1 --disable-plugin --with-bugurl=https://bugs.opensuse.org/ --with-pkgversion='SUSE Linux' --with-slibdir=/lib64 --with-system-zlib --enable-libstdcxx-allocator=new --disable-libstdcxx-pch --enable-version-specific-runtime-libs --with-gcc-major-version-only --enable-linker-build-id --enable-linux-futex --enable-gnu-indirect-function --program-suffix=-7 --without-system-libunwind --enable-multilib --with-arch-32=x86-64 --with-tune=generic --build=x86_64-suse-linux --host=x86_64-suse-linux
Thread model: posix
gcc version 7.5.0 (SUSE Linux) 
COLLECT_GCC_OPTIONS='-v' '-o' 'CMakeFiles/cmTC_a5b00.dir/CMakeCXXCompilerABI.cpp.o' '-c' '-shared-libgcc' '-mtune=generic' '-march=x86-64'
 /usr/lib64/gcc/x86_64-suse-linux/7/cc1plus -quiet -v -D_GNU_SOURCE /usr/share/cmake/Modules/CMakeCXXCompilerABI.cpp -quiet -dumpbase CMakeCXXCompilerABI.cpp -mtune=generic -march=x86-64 -auxbase-strip CMakeFiles/cmTC_a5b00.dir/CMakeCXXCompilerABI.cpp.o -version -o /tmp/cc2jMlYA.s
GNU C++14 (SUSE Linux) version 7.5.0 (x86_64-suse-linux)
	compiled by GNU C version 7.5.0, GMP version 6.1.2, MPFR version 4.0.1, MPC version 1.1.0, isl version isl-0.18-GMP

warning: MPFR header version 4.0.1 differs from library version 4.0.2-p6.
GGC heuristics: --param ggc-min-expand=100 --param ggc-min-heapsize=131072
#include "..." search starts here:
#include <...> search starts here:
 /opt/intel/compilers_and_libraries_2020.4.304/linux/ipp/include
 /opt/intel/compilers_and_libraries_2020.4.304/linux/mkl/include
 /opt/intel/compilers_and_libraries_2020.4.304/linux/pstl/include
 /opt/intel/compilers_and_libraries_2020.4.304/linux/pstl/stdlib
 /opt/intel/compilers_and_libraries_2020.4.304/linux/tbb/include
 /opt/intel/compilers_and_libraries_2020.4.304/linux/daal/include
 /opt/intel/composer_xe_2015.2.164/ipp/include
 /opt/intel/composer_xe_2015.2.164/mkl/include
 /opt/intel/composer_xe_2015.2.164/tbb/include
 /opt/ohpc/pub/libs/intel/impi/hdf5-i15/1.10.6/include
 /opt/ohpc/pub/libs/intel/impi/netcdf-i15/4.7.3/include
 /data4t/perezhogin/NEMO/curl-7.46.0/installed/include
 /usr/include/c++/7
 /usr/include/c++/7/x86_64-suse-linux
 /usr/include/c++/7/backward
 /usr/lib64/gcc/x86_64-suse-linux/7/include
 /usr/local/include
 /usr/lib64/gcc/x86_64-suse-linux/7/include-fixed
 /usr/lib64/gcc/x86_64-suse-linux/7/../../../../x86_64-suse-linux/include
 /usr/include
End of search list.
GNU C++14 (SUSE Linux) version 7.5.0 (x86_64-suse-linux)
	compiled by GNU C version 7.5.0, GMP version 6.1.2, MPFR version 4.0.1, MPC version 1.1.0, isl version isl-0.18-GMP

warning: MPFR header version 4.0.1 differs from library version 4.0.2-p6.
GGC heuristics: --param ggc-min-expand=100 --param ggc-min-heapsize=131072
Compiler executable checksum: e161586395e72ad1ce671a439f4b85b9
COLLECT_GCC_OPTIONS='-v' '-o' 'CMakeFiles/cmTC_a5b00.dir/CMakeCXXCompilerABI.cpp.o' '-c' '-shared-libgcc' '-mtune=generic' '-march=x86-64'
 /usr/lib64/gcc/x86_64-suse-linux/7/../../../../x86_64-suse-linux/bin/as -v --64 -o CMakeFiles/cmTC_a5b00.dir/CMakeCXXCompilerABI.cpp.o /tmp/cc2jMlYA.s
GNU assembler version 2.35.1 (x86_64-suse-linux) using BFD version (GNU Binutils; SUSE Linux Enterprise 15) 2.35.1.20201123-7.18
COMPILER_PATH=/usr/lib64/gcc/x86_64-suse-linux/7/:/usr/lib64/gcc/x86_64-suse-linux/7/:/usr/lib64/gcc/x86_64-suse-linux/:/usr/lib64/gcc/x86_64-suse-linux/7/:/usr/lib64/gcc/x86_64-suse-linux/:/usr/lib64/gcc/x86_64-suse-linux/7/../../../../x86_64-suse-linux/bin/
LIBRARY_PATH=/usr/lib64/gcc/x86_64-suse-linux/7/:/usr/lib64/gcc/x86_64-suse-linux/7/../../../../lib64/:/lib/../lib64/:/usr/lib/../lib64/:/opt/intel/compilers_and_libraries_2020.4.304/linux/mpi/intel64/libfabric/lib/:/opt/intel/compilers_and_libraries_2020.4.304/linux/ipp/lib/intel64/:/opt/intel/compilers_and_libraries_2020.4.304/linux/compiler/lib/intel64_lin/:/opt/intel/compilers_and_libraries_2020.4.304/linux/mkl/lib/intel64_lin/:/opt/intel/compilers_and_libraries_2020.4.304/linux/tbb/lib/intel64/gcc4.8/:/opt/intel/compilers_and_libraries_2020.4.304/linux/daal/lib/intel64_lin/:/opt/intel/compilers_and_libraries_2020.4.304/linux/daal/../tbb/lib/intel64_lin/gcc4.8/:/opt/intel/composer_xe_2015.2.164/compiler/lib/intel64/:/opt/intel/composer_xe_2015.2.164/ipp/../compiler/lib/intel64/:/opt/intel/composer_xe_2015.2.164/ipp/lib/intel64/:/opt/intel/composer_xe_2015.2.164/mkl/lib/intel64/:/opt/intel/composer_xe_2015.2.164/tbb/lib/intel64/gcc4.1/:/opt/ohpc/pub/libs/intel/impi/netcdf-i15/4.7.3/lib/:/opt/ohpc/pub/libs/intel/impi/hdf5/1.10.6/lib/:/data4t/perezhogin/NEMO/curl-7.46.0/installed/lib/:/usr/lib64/gcc/x86_64-suse-linux/7/../../../../x86_64-suse-linux/lib/:/usr/lib64/gcc/x86_64-suse-linux/7/../../../:/lib/:/usr/lib/
COLLECT_GCC_OPTIONS='-v' '-o' 'CMakeFiles/cmTC_a5b00.dir/CMakeCXXCompilerABI.cpp.o' '-c' '-shared-libgcc' '-mtune=generic' '-march=x86-64'
Linking CXX executable cmTC_a5b00
/usr/bin/cmake -E cmake_link_script CMakeFiles/cmTC_a5b00.dir/link.txt --verbose=1
/usr/bin/c++      -v CMakeFiles/cmTC_a5b00.dir/CMakeCXXCompilerABI.cpp.o  -o cmTC_a5b00 
Using built-in specs.
COLLECT_GCC=/usr/bin/c++
COLLECT_LTO_WRAPPER=/usr/lib64/gcc/x86_64-suse-linux/7/lto-wrapper
OFFLOAD_TARGET_NAMES=hsa:nvptx-none
Target: x86_64-suse-linux
Configured with: ../configure --prefix=/usr --infodir=/usr/share/info --mandir=/usr/share/man --libdir=/usr/lib64 --libexecdir=/usr/lib64 --enable-languages=c,c++,objc,fortran,obj-c++,ada,go --enable-offload-targets=hsa,nvptx-none, --without-cuda-driver --enable-checking=release --disable-werror --with-gxx-include-dir=/usr/include/c++/7 --enable-ssp --disable-libssp --disable-libvtv --disable-libcc1 --disable-plugin --with-bugurl=https://bugs.opensuse.org/ --with-pkgversion='SUSE Linux' --with-slibdir=/lib64 --with-system-zlib --enable-libstdcxx-allocator=new --disable-libstdcxx-pch --enable-version-specific-runtime-libs --with-gcc-major-version-only --enable-linker-build-id --enable-linux-futex --enable-gnu-indirect-function --program-suffix=-7 --without-system-libunwind --enable-multilib --with-arch-32=x86-64 --with-tune=generic --build=x86_64-suse-linux --host=x86_64-suse-linux
Thread model: posix
gcc version 7.5.0 (SUSE Linux) 
COMPILER_PATH=/usr/lib64/gcc/x86_64-suse-linux/7/:/usr/lib64/gcc/x86_64-suse-linux/7/:/usr/lib64/gcc/x86_64-suse-linux/:/usr/lib64/gcc/x86_64-suse-linux/7/:/usr/lib64/gcc/x86_64-suse-linux/:/usr/lib64/gcc/x86_64-suse-linux/7/../../../../x86_64-suse-linux/bin/
LIBRARY_PATH=/usr/lib64/gcc/x86_64-suse-linux/7/:/usr/lib64/gcc/x86_64-suse-linux/7/../../../../lib64/:/lib/../lib64/:/usr/lib/../lib64/:/opt/intel/compilers_and_libraries_2020.4.304/linux/mpi/intel64/libfabric/lib/:/opt/intel/compilers_and_libraries_2020.4.304/linux/ipp/lib/intel64/:/opt/intel/compilers_and_libraries_2020.4.304/linux/compiler/lib/intel64_lin/:/opt/intel/compilers_and_libraries_2020.4.304/linux/mkl/lib/intel64_lin/:/opt/intel/compilers_and_libraries_2020.4.304/linux/tbb/lib/intel64/gcc4.8/:/opt/intel/compilers_and_libraries_2020.4.304/linux/daal/lib/intel64_lin/:/opt/intel/compilers_and_libraries_2020.4.304/linux/daal/../tbb/lib/intel64_lin/gcc4.8/:/opt/intel/composer_xe_2015.2.164/compiler/lib/intel64/:/opt/intel/composer_xe_2015.2.164/ipp/../compiler/lib/intel64/:/opt/intel/composer_xe_2015.2.164/ipp/lib/intel64/:/opt/intel/composer_xe_2015.2.164/mkl/lib/intel64/:/opt/intel/composer_xe_2015.2.164/tbb/lib/intel64/gcc4.1/:/opt/ohpc/pub/libs/intel/impi/netcdf-i15/4.7.3/lib/:/opt/ohpc/pub/libs/intel/impi/hdf5/1.10.6/lib/:/data4t/perezhogin/NEMO/curl-7.46.0/installed/lib/:/usr/lib64/gcc/x86_64-suse-linux/7/../../../../x86_64-suse-linux/lib/:/usr/lib64/gcc/x86_64-suse-linux/7/../../../:/lib/:/usr/lib/
COLLECT_GCC_OPTIONS='-v' '-o' 'cmTC_a5b00' '-shared-libgcc' '-mtune=generic' '-march=x86-64'
 /usr/lib64/gcc/x86_64-suse-linux/7/collect2 -plugin /usr/lib64/gcc/x86_64-suse-linux/7/liblto_plugin.so -plugin-opt=/usr/lib64/gcc/x86_64-suse-linux/7/lto-wrapper -plugin-opt=-fresolution=/tmp/ccgZLsFD.res -plugin-opt=-pass-through=-lgcc_s -plugin-opt=-pass-through=-lgcc -plugin-opt=-pass-through=-lc -plugin-opt=-pass-through=-lgcc_s -plugin-opt=-pass-through=-lgcc --build-id --eh-frame-hdr -m elf_x86_64 -dynamic-linker /lib64/ld-linux-x86-64.so.2 -o cmTC_a5b00 /usr/lib64/gcc/x86_64-suse-linux/7/../../../../lib64/crt1.o /usr/lib64/gcc/x86_64-suse-linux/7/../../../../lib64/crti.o /usr/lib64/gcc/x86_64-suse-linux/7/crtbegin.o -L/usr/lib64/gcc/x86_64-suse-linux/7 -L/usr/lib64/gcc/x86_64-suse-linux/7/../../../../lib64 -L/lib/../lib64 -L/usr/lib/../lib64 -L/opt/intel/compilers_and_libraries_2020.4.304/linux/mpi/intel64/libfabric/lib -L/opt/intel/compilers_and_libraries_2020.4.304/linux/ipp/lib/intel64 -L/opt/intel/compilers_and_libraries_2020.4.304/linux/compiler/lib/intel64_lin -L/opt/intel/compilers_and_libraries_2020.4.304/linux/mkl/lib/intel64_lin -L/opt/intel/compilers_and_libraries_2020.4.304/linux/tbb/lib/intel64/gcc4.8 -L/opt/intel/compilers_and_libraries_2020.4.304/linux/daal/lib/intel64_lin -L/opt/intel/compilers_and_libraries_2020.4.304/linux/daal/../tbb/lib/intel64_lin/gcc4.8 -L/opt/intel/composer_xe_2015.2.164/compiler/lib/intel64 -L/opt/intel/composer_xe_2015.2.164/ipp/../compiler/lib/intel64 -L/opt/intel/composer_xe_2015.2.164/ipp/lib/intel64 -L/opt/intel/composer_xe_2015.2.164/mkl/lib/intel64 -L/opt/intel/composer_xe_2015.2.164/tbb/lib/intel64/gcc4.1 -L/opt/ohpc/pub/libs/intel/impi/netcdf-i15/4.7.3/lib -L/opt/ohpc/pub/libs/intel/impi/hdf5/1.10.6/lib -L/data4t/perezhogin/NEMO/curl-7.46.0/installed/lib -L/usr/lib64/gcc/x86_64-suse-linux/7/../../../../x86_64-suse-linux/lib -L/usr/lib64/gcc/x86_64-suse-linux/7/../../.. CMakeFiles/cmTC_a5b00.dir/CMakeCXXCompilerABI.cpp.o -lstdc++ -lm -lgcc_s -lgcc -lc -lgcc_s -lgcc /usr/lib64/gcc/x86_64-suse-linux/7/crtend.o /usr/lib64/gcc/x86_64-suse-linux/7/../../../../lib64/crtn.o
COLLECT_GCC_OPTIONS='-v' '-o' 'cmTC_a5b00' '-shared-libgcc' '-mtune=generic' '-march=x86-64'
gmake[1]: Leaving directory '/data90t/geosci/spetrov/DYNAMICS_TEST_NEW/ARCTIC_GRIDGEN/GRIDGEN/build/CMakeFiles/CMakeTmp'



Parsed CXX implicit include dir info from above output: rv=done
  found start of include info
  found start of implicit include info
    add: [/opt/intel/compilers_and_libraries_2020.4.304/linux/ipp/include]
    add: [/opt/intel/compilers_and_libraries_2020.4.304/linux/mkl/include]
    add: [/opt/intel/compilers_and_libraries_2020.4.304/linux/pstl/include]
    add: [/opt/intel/compilers_and_libraries_2020.4.304/linux/pstl/stdlib]
    add: [/opt/intel/compilers_and_libraries_2020.4.304/linux/tbb/include]
    add: [/opt/intel/compilers_and_libraries_2020.4.304/linux/daal/include]
    add: [/opt/intel/composer_xe_2015.2.164/ipp/include]
    add: [/opt/intel/composer_xe_2015.2.164/mkl/include]
    add: [/opt/intel/composer_xe_2015.2.164/tbb/include]
    add: [/opt/ohpc/pub/libs/intel/impi/hdf5-i15/1.10.6/include]
    add: [/opt/ohpc/pub/libs/intel/impi/netcdf-i15/4.7.3/include]
    add: [/data4t/perezhogin/NEMO/curl-7.46.0/installed/include]
    add: [/usr/include/c++/7]
    add: [/usr/include/c++/7/x86_64-suse-linux]
    add: [/usr/include/c++/7/backward]
    add: [/usr/lib64/gcc/x86_64-suse-linux/7/include]
    add: [/usr/local/include]
    add: [/usr/lib64/gcc/x86_64-suse-linux/7/include-fixed]
    add: [/usr/lib64/gcc/x86_64-suse-linux/7/../../../../x86_64-suse-linux/include]
    add: [/usr/include]
  end of search list found
  collapse include dir [/opt/intel/compilers_and_libraries_2020.4.304/linux/ipp/include] ==> [/opt/intel/compilers_and_libraries_2020.4.304/linux/ipp/include]
  collapse include dir [/opt/intel/compilers_and_libraries_2020.4.304/linux/mkl/include] ==> [/opt/intel/compilers_and_libraries_2020.4.304/linux/mkl/include]
  collapse include dir [/opt/intel/compilers_and_libraries_2020.4.304/linux/pstl/include] ==> [/opt/intel/compilers_and_libraries_2020.4.304/linux/pstl/include]
  collapse include dir [/opt/intel/compilers_and_libraries_2020.4.304/linux/pstl/stdlib] ==> [/opt/intel/compilers_and_libraries_2020.4.304/linux/pstl/stdlib]
  collapse include dir [/opt/intel/compilers_and_libraries_2020.4.304/linux/tbb/include] ==> [/opt/intel/compilers_and_libraries_2020.4.304/linux/tbb/include]
  collapse include dir [/opt/intel/compilers_and_libraries_2020.4.304/linux/daal/include] ==> [/opt/intel/compilers_and_libraries_2020.4.304/linux/daal/include]
  collapse include dir [/opt/intel/composer_xe_2015.2.164/ipp/include] ==> [/opt/intel/composer_xe_2015.2.164/ipp/include]
  collapse include dir [/opt/intel/composer_xe_2015.2.164/mkl/include] ==> [/opt/intel/composer_xe_2015.2.164/mkl/include]
  collapse include dir [/opt/intel/composer_xe_2015.2.164/tbb/include] ==> [/opt/intel/composer_xe_2015.2.164/tbb/include]
  collapse include dir [/opt/ohpc/pub/libs/intel/impi/hdf5-i15/1.10.6/include] ==> [/opt/ohpc/pub/libs/intel/impi/hdf5-i15/1.10.6/include]
  collapse include dir [/opt/ohpc/pub/libs/intel/impi/netcdf-i15/4.7.3/include] ==> [/opt/ohpc/pub/libs/intel/impi/netcdf-i15/4.7.3/include]
  collapse include dir [/data4t/perezhogin/NEMO/curl-7.46.0/installed/include] ==> [/data4t/perezhogin/NEMO/curl-7.46.0/installed/include]
  collapse include dir [/usr/include/c++/7] ==> [/usr/include/c++/7]
  collapse include dir [/usr/include/c++/7/x86_64-suse-linux] ==> [/usr/include/c++/7/x86_64-suse-linux]
  collapse include dir [/usr/include/c++/7/backward] ==> [/usr/include/c++/7/backward]
  collapse include dir [/usr/lib64/gcc/x86_64-suse-linux/7/include] ==> [/usr/lib64/gcc/x86_64-suse-linux/7/include]
  collapse include dir [/usr/local/include] ==> [/usr/local/include]
  collapse include dir [/usr/lib64/gcc/x86_64-suse-linux/7/include-fixed] ==> [/usr/lib64/gcc/x86_64-suse-linux/7/include-fixed]
  collapse include dir [/usr/lib64/gcc/x86_64-suse-linux/7/../../../../x86_64-suse-linux/include] ==> [/usr/x86_64-suse-linux/include]
  collapse include dir [/usr/include] ==> [/usr/include]
  implicit include dirs: [/opt/intel/compilers_and_libraries_2020.4.304/linux/ipp/include;/opt/intel/compilers_and_libraries_2020.4.304/linux/mkl/include;/opt/intel/compilers_and_libraries_2020.4.304/linux/pstl/include;/opt/intel/compilers_and_libraries_2020.4.304/linux/pstl/stdlib;/opt/intel/compilers_and_libraries_2020.4.304/linux/tbb/include;/opt/intel/compilers_and_libraries_2020.4.304/linux/daal/include;/opt/intel/composer_xe_2015.2.164/ipp/include;/opt/intel/composer_xe_2015.2.164/mkl/include;/opt/intel/composer_xe_2015.2.164/tbb/include;/opt/ohpc/pub/libs/intel/impi/hdf5-i15/1.10.6/include;/opt/ohpc/pub/libs/intel/impi/netcdf-i15/4.7.3/include;/data4t/perezhogin/NEMO/curl-7.46.0/installed/include;/usr/include/c++/7;/usr/include/c++/7/x86_64-suse-linux;/usr/include/c++/7/backward;/usr/lib64/gcc/x86_64-suse-linux/7/include;/usr/local/include;/usr/lib64/gcc/x86_64-suse-linux/7/include-fixed;/usr/x86_64-suse-linux/include;/usr/include]


Parsed CXX implicit link information from above output:
  link line regex: [^( *|.*[/\])(ld|CMAKE_LINK_STARTFILE-NOTFOUND|([^/\]+-)?ld|collect2)[^/\]*( |$)]
  ignore line: [Change Dir: /data90t/geosci/spetrov/DYNAMICS_TEST_NEW/ARCTIC_GRIDGEN/GRIDGEN/build/CMakeFiles/CMakeTmp]
  ignore line: []
  ignore line: [Run Build Command(s):/usr/bin/gmake cmTC_a5b00/fast && /usr/bin/gmake -f CMakeFiles/cmTC_a5b00.dir/build.make CMakeFiles/cmTC_a5b00.dir/build]
  ignore line: [gmake[1]: Entering directory '/data90t/geosci/spetrov/DYNAMICS_TEST_NEW/ARCTIC_GRIDGEN/GRIDGEN/build/CMakeFiles/CMakeTmp']
  ignore line: [Building CXX object CMakeFiles/cmTC_a5b00.dir/CMakeCXXCompilerABI.cpp.o]
  ignore line: [/usr/bin/c++    -v -o CMakeFiles/cmTC_a5b00.dir/CMakeCXXCompilerABI.cpp.o -c /usr/share/cmake/Modules/CMakeCXXCompilerABI.cpp]
  ignore line: [Using built-in specs.]
  ignore line: [COLLECT_GCC=/usr/bin/c++]
  ignore line: [OFFLOAD_TARGET_NAMES=hsa:nvptx-none]
  ignore line: [Target: x86_64-suse-linux]
  ignore line: [Configured with: ../configure --prefix=/usr --infodir=/usr/share/info --mandir=/usr/share/man --libdir=/usr/lib64 --libexecdir=/usr/lib64 --enable-languages=c c++ objc fortran obj-c++ ada go --enable-offload-targets=hsa nvptx-none  --without-cuda-driver --enable-checking=release --disable-werror --with-gxx-include-dir=/usr/include/c++/7 --enable-ssp --disable-libssp --disable-libvtv --disable-libcc1 --disable-plugin --with-bugurl=https://bugs.opensuse.org/ --with-pkgversion='SUSE Linux' --with-slibdir=/lib64 --with-system-zlib --enable-libstdcxx-allocator=new --disable-libstdcxx-pch --enable-version-specific-runtime-libs --with-gcc-major-version-only --enable-linker-build-id --enable-linux-futex --enable-gnu-indirect-function --program-suffix=-7 --without-system-libunwind --enable-multilib --with-arch-32=x86-64 --with-tune=generic --build=x86_64-suse-linux --host=x86_64-suse-linux]
  ignore line: [Thread model: posix]
  ignore line: [gcc version 7.5.0 (SUSE Linux) ]
  ignore line: [COLLECT_GCC_OPTIONS='-v' '-o' 'CMakeFiles/cmTC_a5b00.dir/CMakeCXXCompilerABI.cpp.o' '-c' '-shared-libgcc' '-mtune=generic' '-march=x86-64']
  ignore line: [ /usr/lib64/gcc/x86_64-suse-linux/7/cc1plus -quiet -v -D_GNU_SOURCE /usr/share/cmake/Modules/CMakeCXXCompilerABI.cpp -quiet -dumpbase CMakeCXXCompilerABI.cpp -mtune=generic -march=x86-64 -auxbase-strip CMakeFiles/cmTC_a5b00.dir/CMakeCXXCompilerABI.cpp.o -version -o /tmp/cc2jMlYA.s]
  ignore line: [GNU C++14 (SUSE Linux) version 7.5.0 (x86_64-suse-linux)]
  ignore line: [	compiled by GNU C version 7.5.0  GMP version 6.1.2  MPFR version 4.0.1  MPC version 1.1.0  isl version isl-0.18-GMP]
  ignore line: []
  ignore line: [warning: MPFR header version 4.0.1 differs from library version 4.0.2-p6.]
  ignore line: [GGC heuristics: --param ggc-min-expand=100 --param ggc-min-heapsize=131072]
  ignore line: [#include "..." search starts here:]
  ignore line: [#include <...> search starts here:]
  ignore line: [ /opt/intel/compilers_and_libraries_2020.4.304/linux/ipp/include]
  ignore line: [ /opt/intel/compilers_and_libraries_2020.4.304/linux/mkl/include]
  ignore line: [ /opt/intel/compilers_and_libraries_2020.4.304/linux/pstl/include]
  ignore line: [ /opt/intel/compilers_and_libraries_2020.4.304/linux/pstl/stdlib]
  ignore line: [ /opt/intel/compilers_and_libraries_2020.4.304/linux/tbb/include]
  ignore line: [ /opt/intel/compilers_and_libraries_2020.4.304/linux/daal/include]
  ignore line: [ /opt/intel/composer_xe_2015.2.164/ipp/include]
  ignore line: [ /opt/intel/composer_xe_2015.2.164/mkl/include]
  ignore line: [ /opt/intel/composer_xe_2015.2.164/tbb/include]
  ignore line: [ /opt/ohpc/pub/libs/intel/impi/hdf5-i15/1.10.6/include]
  ignore line: [ /opt/ohpc/pub/libs/intel/impi/netcdf-i15/4.7.3/include]
  ignore line: [ /data4t/perezhogin/NEMO/curl-7.46.0/installed/include]
  ignore line: [ /usr/include/c++/7]
  ignore line: [ /usr/include/c++/7/x86_64-suse-linux]
  ignore line: [ /usr/include/c++/7/backward]
  ignore line: [ /usr/lib64/gcc/x86_64-suse-linux/7/include]
  ignore line: [ /usr/local/include]
  ignore line: [ /usr/lib64/gcc/x86_64-suse-linux/7/include-fixed]
  ignore line: [ /usr/lib64/gcc/x86_64-suse-linux/7/../../../../x86_64-suse-linux/include]
  ignore line: [ /usr/include]
  ignore line: [End of search list.]
  ignore line: [GNU C++14 (SUSE Linux) version 7.5.0 (x86_64-suse-linux)]
  ignore line: [	compiled by GNU C version 7.5.0  GMP version 6.1.2  MPFR version 4.0.1  MPC version 1.1.0  isl version isl-0.18-GMP]
  ignore line: []
  ignore line: [warning: MPFR header version 4.0.1 differs from library version 4.0.2-p6.]
  ignore line: [GGC heuristics: --param ggc-min-expand=100 --param ggc-min-heapsize=131072]
  ignore line: [Compiler executable checksum: e161586395e72ad1ce671a439f4b85b9]
  ignore line: [COLLECT_GCC_OPTIONS='-v' '-o' 'CMakeFiles/cmTC_a5b00.dir/CMakeCXXCompilerABI.cpp.o' '-c' '-shared-libgcc' '-mtune=generic' '-march=x86-64']
  ignore line: [ /usr/lib64/gcc/x86_64-suse-linux/7/../../../../x86_64-suse-linux/bin/as -v --64 -o CMakeFiles/cmTC_a5b00.dir/CMakeCXXCompilerABI.cpp.o /tmp/cc2jMlYA.s]
  ignore line: [GNU assembler version 2.35.1 (x86_64-suse-linux) using BFD version (GNU Binutils]
  ignore line: [ SUSE Linux Enterprise 15) 2.35.1.20201123-7.18]
  ignore line: [COMPILER_PATH=/usr/lib64/gcc/x86_64-suse-linux/7/:/usr/lib64/gcc/x86_64-suse-linux/7/:/usr/lib64/gcc/x86_64-suse-linux/:/usr/lib64/gcc/x86_64-suse-linux/7/:/usr/lib64/gcc/x86_64-suse-linux/:/usr/lib64/gcc/x86_64-suse-linux/7/../../../../x86_64-suse-linux/bin/]
  ignore line: [LIBRARY_PATH=/usr/lib64/gcc/x86_64-suse-linux/7/:/usr/lib64/gcc/x86_64-suse-linux/7/../../../../lib64/:/lib/../lib64/:/usr/lib/../lib64/:/opt/intel/compilers_and_libraries_2020.4.304/linux/mpi/intel64/libfabric/lib/:/opt/intel/compilers_and_libraries_2020.4.304/linux/ipp/lib/intel64/:/opt/intel/compilers_and_libraries_2020.4.304/linux/compiler/lib/intel64_lin/:/opt/intel/compilers_and_libraries_2020.4.304/linux/mkl/lib/intel64_lin/:/opt/intel/compilers_and_libraries_2020.4.304/linux/tbb/lib/intel64/gcc4.8/:/opt/intel/compilers_and_libraries_2020.4.304/linux/daal/lib/intel64_lin/:/opt/intel/compilers_and_libraries_2020.4.304/linux/daal/../tbb/lib/intel64_lin/gcc4.8/:/opt/intel/composer_xe_2015.2.164/compiler/lib/intel64/:/opt/intel/composer_xe_2015.2.164/ipp/../compiler/lib/intel64/:/opt/intel/composer_xe_2015.2.164/ipp/lib/intel64/:/opt/intel/composer_xe_2015.2.164/mkl/lib/intel64/:/opt/intel/composer_xe_2015.2.164/tbb/lib/intel64/gcc4.1/:/opt/ohpc/pub/libs/intel/impi/netcdf-i15/4.7.3/lib/:/opt/ohpc/pub/libs/intel/impi/hdf5/1.10.6/lib/:/data4t/perezhogin/NEMO/curl-7.46.0/installed/lib/:/usr/lib64/gcc/x86_64-suse-linux/7/../../../../x86_64-suse-linux/lib/:/usr/lib64/gcc/x86_64-suse-linux/7/../../../:/lib/:/usr/lib/]
  ignore line: [COLLECT_GCC_OPTIONS='-v' '-o' 'CMakeFiles/cmTC_a5b00.dir/CMakeCXXCompilerABI.cpp.o' '-c' '-shared-libgcc' '-mtune=generic' '-march=x86-64']
  ignore line: [Linking CXX executable cmTC_a5b00]
  ignore line: [/usr/bin/cmake -E cmake_link_script CMakeFiles/cmTC_a5b00.dir/link.txt --verbose=1]
  ignore line: [/usr/bin/c++      -v CMakeFiles/cmTC_a5b00.dir/CMakeCXXCompilerABI.cpp.o  -o cmTC_a5b00 ]
  ignore line: [Using built-in specs.]
  ignore line: [COLLECT_GCC=/usr/bin/c++]
  ignore line: [COLLECT_LTO_WRAPPER=/usr/lib64/gcc/x86_64-suse-linux/7/lto-wrapper]
  ignore line: [OFFLOAD_TARGET_NAMES=hsa:nvptx-none]
  ignore line: [Target: x86_64-suse-linux]
  ignore line: [Configured with: ../configure --prefix=/usr --infodir=/usr/share/info --mandir=/usr/share/man --libdir=/usr/lib64 --libexecdir=/usr/lib64 --enable-languages=c c++ objc fortran obj-c++ ada go --enable-offload-targets=hsa nvptx-none  --without-cuda-driver --enable-checking=release --disable-werror --with-gxx-include-dir=/usr/include/c++/7 --enable-ssp --disable-libssp --disable-libvtv --disable-libcc1 --disable-plugin --with-bugurl=https://bugs.opensuse.org/ --with-pkgversion='SUSE Linux' --with-slibdir=/lib64 --with-system-zlib --enable-libstdcxx-allocator=new --disable-libstdcxx-pch --enable-version-specific-runtime-libs --with-gcc-major-version-only --enable-linker-build-id --enable-linux-futex --enable-gnu-indirect-function --program-suffix=-7 --without-system-libunwind --enable-multilib --with-arch-32=x86-64 --with-tune=generic --build=x86_64-suse-linux --host=x86_64-suse-linux]
  ignore line: [Thread model: posix]
  ignore line: [gcc version 7.5.0 (SUSE Linux) ]
  ignore line: [COMPILER_PATH=/usr/lib64/gcc/x86_64-suse-linux/7/:/usr/lib64/gcc/x86_64-suse-linux/7/:/usr/lib64/gcc/x86_64-suse-linux/:/usr/lib64/gcc/x86_64-suse-linux/7/:/usr/lib64/gcc/x86_64-suse-linux/:/usr/lib64/gcc/x86_64-suse-linux/7/../../../../x86_64-suse-linux/bin/]
  ignore line: [LIBRARY_PATH=/usr/lib64/gcc/x86_64-suse-linux/7/:/usr/lib64/gcc/x86_64-suse-linux/7/../../../../lib64/:/lib/../lib64/:/usr/lib/../lib64/:/opt/intel/compilers_and_libraries_2020.4.304/linux/mpi/intel64/libfabric/lib/:/opt/intel/compilers_and_libraries_2020.4.304/linux/ipp/lib/intel64/:/opt/intel/compilers_and_libraries_2020.4.304/linux/compiler/lib/intel64_lin/:/opt/intel/compilers_and_libraries_2020.4.304/linux/mkl/lib/intel64_lin/:/opt/intel/compilers_and_libraries_2020.4.304/linux/tbb/lib/intel64/gcc4.8/:/opt/intel/compilers_and_libraries_2020.4.304/linux/daal/lib/intel64_lin/:/opt/intel/compilers_and_libraries_2020.4.304/linux/daal/../tbb/lib/intel64_lin/gcc4.8/:/opt/intel/composer_xe_2015.2.164/compiler/lib/intel64/:/opt/intel/composer_xe_2015.2.164/ipp/../compiler/lib/intel64/:/opt/intel/composer_xe_2015.2.164/ipp/lib/intel64/:/opt/intel/composer_xe_2015.2.164/mkl/lib/intel64/:/opt/intel/composer_xe_2015.2.164/tbb/lib/intel64/gcc4.1/:/opt/ohpc/pub/libs/intel/impi/netcdf-i15/4.7.3/lib/:/opt/ohpc/pub/libs/intel/impi/hdf5/1.10.6/lib/:/data4t/perezhogin/NEMO/curl-7.46.0/installed/lib/:/usr/lib64/gcc/x86_64-suse-linux/7/../../../../x86_64-suse-linux/lib/:/usr/lib64/gcc/x86_64-suse-linux/7/../../../:/lib/:/usr/lib/]
  ignore line: [COLLECT_GCC_OPTIONS='-v' '-o' 'cmTC_a5b00' '-shared-libgcc' '-mtune=generic' '-march=x86-64']
  link line: [ /usr/lib64/gcc/x86_64-suse-linux/7/collect2 -plugin /usr/lib64/gcc/x86_64-suse-linux/7/liblto_plugin.so -plugin-opt=/usr/lib64/gcc/x86_64-suse-linux/7/lto-wrapper -plugin-opt=-fresolution=/tmp/ccgZLsFD.res -plugin-opt=-pass-through=-lgcc_s -plugin-opt=-pass-through=-lgcc -plugin-opt=-pass-through=-lc -plugin-opt=-pass-through=-lgcc_s -plugin-opt=-pass-through=-lgcc --build-id --eh-frame-hdr -m elf_x86_64 -dynamic-linker /lib64/ld-linux-x86-64.so.2 -o cmTC_a5b00 /usr/lib64/gcc/x86_64-suse-linux/7/../../../../lib64/crt1.o /usr/lib64/gcc/x86_64-suse-linux/7/../../../../lib64/crti.o /usr/lib64/gcc/x86_64-suse-linux/7/crtbegin.o -L/usr/lib64/gcc/x86_64-suse-linux/7 -L/usr/lib64/gcc/x86_64-suse-linux/7/../../../../lib64 -L/lib/../lib64 -L/usr/lib/../lib64 -L/opt/intel/compilers_and_libraries_2020.4.304/linux/mpi/intel64/libfabric/lib -L/opt/intel/compilers_and_libraries_2020.4.304/linux/ipp/lib/intel64 -L/opt/intel/compilers_and_libraries_2020.4.304/linux/compiler/lib/intel64_lin -L/opt/intel/compilers_and_libraries_2020.4.304/linux/mkl/lib/intel64_lin -L/opt/intel/compilers_and_libraries_2020.4.304/linux/tbb/lib/intel64/gcc4.8 -L/opt/intel/compilers_and_libraries_2020.4.304/linux/daal/lib/intel64_lin -L/opt/intel/compilers_and_libraries_2020.4.304/linux/daal/../tbb/lib/intel64_lin/gcc4.8 -L/opt/intel/composer_xe_2015.2.164/compiler/lib/intel64 -L/opt/intel/composer_xe_2015.2.164/ipp/../compiler/lib/intel64 -L/opt/intel/composer_xe_2015.2.164/ipp/lib/intel64 -L/opt/intel/composer_xe_2015.2.164/mkl/lib/intel64 -L/opt/intel/composer_xe_2015.2.164/tbb/lib/intel64/gcc4.1 -L/opt/ohpc/pub/libs/intel/impi/netcdf-i15/4.7.3/lib -L/opt/ohpc/pub/libs/intel/impi/hdf5/1.10.6/lib -L/data4t/perezhogin/NEMO/curl-7.46.0/installed/lib -L/usr/lib64/gcc/x86_64-suse-linux/7/../../../../x86_64-suse-linux/lib -L/usr/lib64/gcc/x86_64-suse-linux/7/../../.. CMakeFiles/cmTC_a5b00.dir/CMakeCXXCompilerABI.cpp.o -lstdc++ -lm -lgcc_s -lgcc -lc -lgcc_s -lgcc /usr/lib64/gcc/x86_64-suse-linux/7/crtend.o /usr/lib64/gcc/x86_64-suse-linux/7/../../../../lib64/crtn.o]
    arg [/usr/lib64/gcc/x86_64-suse-linux/7/collect2] ==> ignore
    arg [-plugin] ==> ignore
    arg [/usr/lib64/gcc/x86_64-suse-linux/7/liblto_plugin.so] ==> ignore
    arg [-plugin-opt=/usr/lib64/gcc/x86_64-suse-linux/7/lto-wrapper] ==> ignore
    arg [-plugin-opt=-fresolution=/tmp/ccgZLsFD.res] ==> ignore
    arg [-plugin-opt=-pass-through=-lgcc_s] ==> ignore
    arg [-plugin-opt=-pass-through=-lgcc] ==> ignore
    arg [-plugin-opt=-pass-through=-lc] ==> ignore
    arg [-plugin-opt=-pass-through=-lgcc_s] ==> ignore
    arg [-plugin-opt=-pass-through=-lgcc] ==> ignore
    arg [--build-id] ==> ignore
    arg [--eh-frame-hdr] ==> ignore
    arg [-m] ==> ignore
    arg [elf_x86_64] ==> ignore
    arg [-dynamic-linker] ==> ignore
    arg [/lib64/ld-linux-x86-64.so.2] ==> ignore
    arg [-o] ==> ignore
    arg [cmTC_a5b00] ==> ignore
    arg [/usr/lib64/gcc/x86_64-suse-linux/7/../../../../lib64/crt1.o] ==> ignore
    arg [/usr/lib64/gcc/x86_64-suse-linux/7/../../../../lib64/crti.o] ==> ignore
    arg [/usr/lib64/gcc/x86_64-suse-linux/7/crtbegin.o] ==> ignore
    arg [-L/usr/lib64/gcc/x86_64-suse-linux/7] ==> dir [/usr/lib64/gcc/x86_64-suse-linux/7]
    arg [-L/usr/lib64/gcc/x86_64-suse-linux/7/../../../../lib64] ==> dir [/usr/lib64/gcc/x86_64-suse-linux/7/../../../../lib64]
    arg [-L/lib/../lib64] ==> dir [/lib/../lib64]
    arg [-L/usr/lib/../lib64] ==> dir [/usr/lib/../lib64]
    arg [-L/opt/intel/compilers_and_libraries_2020.4.304/linux/mpi/intel64/libfabric/lib] ==> dir [/opt/intel/compilers_and_libraries_2020.4.304/linux/mpi/intel64/libfabric/lib]
    arg [-L/opt/intel/compilers_and_libraries_2020.4.304/linux/ipp/lib/intel64] ==> dir [/opt/intel/compilers_and_libraries_2020.4.304/linux/ipp/lib/intel64]
    arg [-L/opt/intel/compilers_and_libraries_2020.4.304/linux/compiler/lib/intel64_lin] ==> dir [/opt/intel/compilers_and_libraries_2020.4.304/linux/compiler/lib/intel64_lin]
    arg [-L/opt/intel/compilers_and_libraries_2020.4.304/linux/mkl/lib/intel64_lin] ==> dir [/opt/intel/compilers_and_libraries_2020.4.304/linux/mkl/lib/intel64_lin]
    arg [-L/opt/intel/compilers_and_libraries_2020.4.304/linux/tbb/lib/intel64/gcc4.8] ==> dir [/opt/intel/compilers_and_libraries_2020.4.304/linux/tbb/lib/intel64/gcc4.8]
    arg [-L/opt/intel/compilers_and_libraries_2020.4.304/linux/daal/lib/intel64_lin] ==> dir [/opt/intel/compilers_and_libraries_2020.4.304/linux/daal/lib/intel64_lin]
    arg [-L/opt/intel/compilers_and_libraries_2020.4.304/linux/daal/../tbb/lib/intel64_lin/gcc4.8] ==> dir [/opt/intel/compilers_and_libraries_2020.4.304/linux/daal/../tbb/lib/intel64_lin/gcc4.8]
    arg [-L/opt/intel/composer_xe_2015.2.164/compiler/lib/intel64] ==> dir [/opt/intel/composer_xe_2015.2.164/compiler/lib/intel64]
    arg [-L/opt/intel/composer_xe_2015.2.164/ipp/../compiler/lib/intel64] ==> dir [/opt/intel/composer_xe_2015.2.164/ipp/../compiler/lib/intel64]
    arg [-L/opt/intel/composer_xe_2015.2.164/ipp/lib/intel64] ==> dir [/opt/intel/composer_xe_2015.2.164/ipp/lib/intel64]
    arg [-L/opt/intel/composer_xe_2015.2.164/mkl/lib/intel64] ==> dir [/opt/intel/composer_xe_2015.2.164/mkl/lib/intel64]
    arg [-L/opt/intel/composer_xe_2015.2.164/tbb/lib/intel64/gcc4.1] ==> dir [/opt/intel/composer_xe_2015.2.164/tbb/lib/intel64/gcc4.1]
    arg [-L/opt/ohpc/pub/libs/intel/impi/netcdf-i15/4.7.3/lib] ==> dir [/opt/ohpc/pub/libs/intel/impi/netcdf-i15/4.7.3/lib]
    arg [-L/opt/ohpc/pub/libs/intel/impi/hdf5/1.10.6/lib] ==> dir [/opt/ohpc/pub/libs/intel/impi/hdf5/1.10.6/lib]
    arg [-L/data4t/perezhogin/NEMO/curl-7.46.0/installed/lib] ==> dir [/data4t/perezhogin/NEMO/curl-7.46.0/installed/lib]
    arg [-L/usr/lib64/gcc/x86_64-suse-linux/7/../../../../x86_64-suse-linux/lib] ==> dir [/usr/lib64/gcc/x86_64-suse-linux/7/../../../../x86_64-suse-linux/lib]
    arg [-L/usr/lib64/gcc/x86_64-suse-linux/7/../../..] ==> dir [/usr/lib64/gcc/x86_64-suse-linux/7/../../..]
    arg [CMakeFiles/cmTC_a5b00.dir/CMakeCXXCompilerABI.cpp.o] ==> ignore
    arg [-lstdc++] ==> lib [stdc++]
    arg [-lm] ==> lib [m]
    arg [-lgcc_s] ==> lib [gcc_s]
    arg [-lgcc] ==> lib [gcc]
    arg [-lc] ==> lib [c]
    arg [-lgcc_s] ==> lib [gcc_s]
    arg [-lgcc] ==> lib [gcc]
    arg [/usr/lib64/gcc/x86_64-suse-linux/7/crtend.o] ==> ignore
    arg [/usr/lib64/gcc/x86_64-suse-linux/7/../../../../lib64/crtn.o] ==> ignore
  collapse library dir [/usr/lib64/gcc/x86_64-suse-linux/7] ==> [/usr/lib64/gcc/x86_64-suse-linux/7]
  collapse library dir [/usr/lib64/gcc/x86_64-suse-linux/7/../../../../lib64] ==> [/usr/lib64]
  collapse library dir [/lib/../lib64] ==> [/lib64]
  collapse library dir [/usr/lib/../lib64] ==> [/usr/lib64]
  collapse library dir [/opt/intel/compilers_and_libraries_2020.4.304/linux/mpi/intel64/libfabric/lib] ==> [/opt/intel/compilers_and_libraries_2020.4.304/linux/mpi/intel64/libfabric/lib]
  collapse library dir [/opt/intel/compilers_and_libraries_2020.4.304/linux/ipp/lib/intel64] ==> [/opt/intel/compilers_and_libraries_2020.4.304/linux/ipp/lib/intel64]
  collapse library dir [/opt/intel/compilers_and_libraries_2020.4.304/linux/compiler/lib/intel64_lin] ==> [/opt/intel/compilers_and_libraries_2020.4.304/linux/compiler/lib/intel64_lin]
  collapse library dir [/opt/intel/compilers_and_libraries_2020.4.304/linux/mkl/lib/intel64_lin] ==> [/opt/intel/compilers_and_libraries_2020.4.304/linux/mkl/lib/intel64_lin]
  collapse library dir [/opt/intel/compilers_and_libraries_2020.4.304/linux/tbb/lib/intel64/gcc4.8] ==> [/opt/intel/compilers_and_libraries_2020.4.304/linux/tbb/lib/intel64/gcc4.8]
  collapse library dir [/opt/intel/compilers_and_libraries_2020.4.304/linux/daal/lib/intel64_lin] ==> [/opt/intel/compilers_and_libraries_2020.4.304/linux/daal/lib/intel64_lin]
  collapse library dir [/opt/intel/compilers_and_libraries_2020.4.304/linux/daal/../tbb/lib/intel64_lin/gcc4.8] ==> [/opt/intel/compilers_and_libraries_2020.4.304/linux/tbb/lib/intel64_lin/gcc4.8]
  collapse library dir [/opt/intel/composer_xe_2015.2.164/compiler/lib/intel64] ==> [/opt/intel/composer_xe_2015.2.164/compiler/lib/intel64]
  collapse library dir [/opt/intel/composer_xe_2015.2.164/ipp/../compiler/lib/intel64] ==> [/opt/intel/composer_xe_2015.2.164/compiler/lib/intel64]
  collapse library dir [/opt/intel/composer_xe_2015.2.164/ipp/lib/intel64] ==> [/opt/intel/composer_xe_2015.2.164/ipp/lib/intel64]
  collapse library dir [/opt/intel/composer_xe_2015.2.164/mkl/lib/intel64] ==> [/opt/intel/composer_xe_2015.2.164/mkl/lib/intel64]
  collapse library dir [/opt/intel/composer_xe_2015.2.164/tbb/lib/intel64/gcc4.1] ==> [/opt/intel/composer_xe_2015.2.164/tbb/lib/intel64/gcc4.1]
  collapse library dir [/opt/ohpc/pub/libs/intel/impi/netcdf-i15/4.7.3/lib] ==> [/opt/ohpc/pub/libs/intel/impi/netcdf-i15/4.7.3/lib]
  collapse library dir [/opt/ohpc/pub/libs/intel/impi/hdf5/1.10.6/lib] ==> [/opt/ohpc/pub/libs/intel/impi/hdf5/1.10.6/lib]
  collapse library dir [/data4t/perezhogin/NEMO/curl-7.46.0/installed/lib] ==> [/data4t/perezhogin/NEMO/curl-7.46.0/installed/lib]
  collapse library dir [/usr/lib64/gcc/x86_64-suse-linux/7/../../../../x86_64-suse-linux/lib] ==> [/usr/x86_64-suse-linux/lib]
  collapse library dir [/usr/lib64/gcc/x86_64-suse-linux/7/../../..] ==> [/usr/lib64]
  implicit libs: [stdc++;m;gcc_s;gcc;c;gcc_s;gcc]
  implicit dirs: [/usr/lib64/gcc/x86_64-suse-linux/7;/usr/lib64;/lib64;/opt/intel/compilers_and_libraries_2020.4.304/linux/mpi/intel64/libfabric/lib;/opt/intel/compilers_and_libraries_2020.4.304/linux/ipp/lib/intel64;/opt/intel/compilers_and_libraries_2020.4.304/linux/compiler/lib/intel64_lin;/opt/intel/compilers_and_libraries_2020.4.304/linux/mkl/lib/intel64_lin;/opt/intel/compilers_and_libraries_2020.4.304/linux/tbb/lib/intel64/gcc4.8;/opt/intel/compilers_and_libraries_2020.4.304/linux/daal/lib/intel64_lin;/opt/intel/compilers_and_libraries_2020.4.304/linux/tbb/lib/intel64_lin/gcc4.8;/opt/intel/composer_xe_2015.2.164/compiler/lib/intel64;/opt/intel/composer_xe_2015.2.164/ipp/lib/intel64;/opt/intel/composer_xe_2015.2.164/mkl/lib/intel64;/opt/intel/composer_xe_2015.2.164/tbb/lib/intel64/gcc4.1;/opt/ohpc/pub/libs/intel/impi/netcdf-i15/4.7.3/lib;/opt/ohpc/pub/libs/intel/impi/hdf5/1.10.6/lib;/data4t/perezhogin/NEMO/curl-7.46.0/installed/lib;/usr/x86_64-suse-linux/lib]
  implicit fwks: []


